<?xml version="1.0" encoding="UTF-8"?>
<coverage generated="1774520705961" clover="3.2.0">
  <project timestamp="1774520705961" name="All files">
    <metrics statements="440" coveredstatements="204" conditionals="338" coveredconditionals="92" methods="34" coveredmethods="12" elements="812" coveredelements="308" complexity="0" loc="440" ncloc="440" packages="4" files="5" classes="5"/>
    <package name="Palettes-Escrow">
      <metrics statements="8" coveredstatements="8" conditionals="0" coveredconditionals="0" methods="0" coveredmethods="0"/>
      <file name="events.js" path="C:\Users\DYKEDOMS COMPUTERS\Desktop\work\Palettes-Escrow\events.js">
        <metrics statements="3" coveredstatements="3" conditionals="0" coveredconditionals="0" methods="0" coveredmethods="0"/>
        <line num="1" count="3" type="stmt"/>
        <line num="2" count="3" type="stmt"/>
        <line num="4" count="3" type="stmt"/>
      </file>
      <file name="firebase.js" path="C:\Users\DYKEDOMS COMPUTERS\Desktop\work\Palettes-Escrow\firebase.js">
        <metrics statements="5" coveredstatements="5" conditionals="0" coveredconditionals="0" methods="0" coveredmethods="0"/>
        <line num="1" count="3" type="stmt"/>
        <line num="2" count="3" type="stmt"/>
        <line num="5" count="3" type="stmt"/>
        <line num="9" count="3" type="stmt"/>
        <line num="11" count="3" type="stmt"/>
      </file>
    </package>
    <package name="Palettes-Escrow.controllers">
      <metrics statements="246" coveredstatements="92" conditionals="201" coveredconditionals="49" methods="13" coveredmethods="4"/>
      <file name="transactionsController.js" path="C:\Users\DYKEDOMS COMPUTERS\Desktop\work\Palettes-Escrow\controllers\transactionsController.js">
        <metrics statements="246" coveredstatements="92" conditionals="201" coveredconditionals="49" methods="13" coveredmethods="4"/>
        <line num="11" count="5" type="stmt"/>
        <line num="12" count="5" type="stmt"/>
        <line num="13" count="5" type="stmt"/>
        <line num="14" count="5" type="stmt"/>
        <line num="29" count="5" type="stmt"/>
        <line num="30" count="0" type="stmt"/>
        <line num="37" count="0" type="stmt"/>
        <line num="40" count="0" type="cond" truecount="0" falsecount="2"/>
        <line num="41" count="0" type="stmt"/>
        <line num="52" count="0" type="cond" truecount="0" falsecount="2"/>
        <line num="53" count="0" type="stmt"/>
        <line num="60" count="0" type="cond" truecount="0" falsecount="2"/>
        <line num="61" count="0" type="stmt"/>
        <line num="68" count="0" type="cond" truecount="0" falsecount="2"/>
        <line num="69" count="0" type="stmt"/>
        <line num="76" count="0" type="cond" truecount="0" falsecount="2"/>
        <line num="77" count="0" type="stmt"/>
        <line num="88" count="0" type="cond" truecount="0" falsecount="2"/>
        <line num="89" count="0" type="cond" truecount="0" falsecount="2"/>
        <line num="90" count="0" type="stmt"/>
        <line num="97" count="0" type="cond" truecount="0" falsecount="2"/>
        <line num="98" count="0" type="stmt"/>
        <line num="105" count="0" type="stmt"/>
        <line num="106" count="0" type="cond" truecount="0" falsecount="2"/>
        <line num="107" count="0" type="stmt"/>
        <line num="118" count="0" type="cond" truecount="0" falsecount="4"/>
        <line num="119" count="0" type="stmt"/>
        <line num="126" count="0" type="cond" truecount="0" falsecount="4"/>
        <line num="127" count="0" type="stmt"/>
        <line num="134" count="0" type="cond" truecount="0" falsecount="4"/>
        <line num="135" count="0" type="stmt"/>
        <line num="142" count="0" type="cond" truecount="0" falsecount="4"/>
        <line num="143" count="0" type="stmt"/>
        <line num="150" count="0" type="cond" truecount="0" falsecount="2"/>
        <line num="152" count="0" type="cond" truecount="0" falsecount="4"/>
        <line num="153" count="0" type="stmt"/>
        <line num="160" count="0" type="cond" truecount="0" falsecount="4"/>
        <line num="161" count="0" type="stmt"/>
        <line num="174" count="0" type="stmt"/>
        <line num="179" count="0" type="stmt"/>
        <line num="182" count="0" type="stmt"/>
        <line num="193" count="0" type="stmt"/>
        <line num="225" count="0" type="cond" truecount="0" falsecount="2"/>
        <line num="226" count="0" type="stmt"/>
        <line num="229" count="0" type="stmt"/>
        <line num="234" count="0" type="stmt"/>
        <line num="235" count="0" type="stmt"/>
        <line num="236" count="0" type="stmt"/>
        <line num="237" count="0" type="stmt"/>
        <line num="238" count="0" type="stmt"/>
        <line num="239" count="0" type="stmt"/>
        <line num="240" count="0" type="stmt"/>
        <line num="242" count="0" type="stmt"/>
        <line num="244" count="0" type="cond" truecount="0" falsecount="5"/>
        <line num="245" count="0" type="stmt"/>
        <line num="246" count="0" type="stmt"/>
        <line num="249" count="0" type="stmt"/>
        <line num="252" count="0" type="stmt"/>
        <line num="265" count="0" type="stmt"/>
        <line num="266" count="0" type="stmt"/>
        <line num="275" count="5" type="stmt"/>
        <line num="276" count="1" type="stmt"/>
        <line num="277" count="1" type="stmt"/>
        <line num="280" count="1" type="cond" truecount="1" falsecount="1"/>
        <line num="281" count="1" type="cond" truecount="1" falsecount="1"/>
        <line num="282" count="0" type="stmt"/>
        <line num="288" count="1" type="cond" truecount="1" falsecount="1"/>
        <line num="289" count="0" type="stmt"/>
        <line num="295" count="1" type="cond" truecount="1" falsecount="1"/>
        <line num="296" count="0" type="stmt"/>
        <line num="303" count="1" type="stmt"/>
        <line num="305" count="1" type="cond" truecount="3" falsecount="1"/>
        <line num="306" count="0" type="stmt"/>
        <line num="309" count="1" type="stmt"/>
        <line num="314" count="0" type="stmt"/>
        <line num="315" count="0" type="stmt"/>
        <line num="324" count="5" type="stmt"/>
        <line num="325" count="0" type="stmt"/>
        <line num="326" count="0" type="stmt"/>
        <line num="329" count="0" type="cond" truecount="0" falsecount="2"/>
        <line num="330" count="0" type="cond" truecount="0" falsecount="2"/>
        <line num="331" count="0" type="stmt"/>
        <line num="337" count="0" type="cond" truecount="0" falsecount="2"/>
        <line num="338" count="0" type="stmt"/>
        <line num="344" count="0" type="cond" truecount="0" falsecount="2"/>
        <line num="345" count="0" type="stmt"/>
        <line num="352" count="0" type="stmt"/>
        <line num="354" count="0" type="cond" truecount="0" falsecount="4"/>
        <line num="355" count="0" type="stmt"/>
        <line num="359" count="0" type="cond" truecount="0" falsecount="2"/>
        <line num="360" count="0" type="stmt"/>
        <line num="378" count="0" type="stmt"/>
        <line num="380" count="0" type="stmt"/>
        <line num="381" count="0" type="stmt"/>
        <line num="389" count="5" type="stmt"/>
        <line num="390" count="0" type="stmt"/>
        <line num="391" count="0" type="stmt"/>
        <line num="394" count="0" type="cond" truecount="0" falsecount="2"/>
        <line num="395" count="0" type="cond" truecount="0" falsecount="2"/>
        <line num="396" count="0" type="stmt"/>
        <line num="402" count="0" type="cond" truecount="0" falsecount="2"/>
        <line num="403" count="0" type="stmt"/>
        <line num="409" count="0" type="cond" truecount="0" falsecount="2"/>
        <line num="410" count="0" type="stmt"/>
        <line num="417" count="0" type="stmt"/>
        <line num="419" count="0" type="cond" truecount="0" falsecount="4"/>
        <line num="420" count="0" type="stmt"/>
        <line num="424" count="0" type="cond" truecount="0" falsecount="2"/>
        <line num="425" count="0" type="cond" truecount="0" falsecount="2"/>
        <line num="426" count="0" type="cond" truecount="0" falsecount="2"/>
        <line num="427" count="0" type="cond" truecount="0" falsecount="2"/>
        <line num="429" count="0" type="stmt"/>
        <line num="452" count="0" type="stmt"/>
        <line num="462" count="0" type="stmt"/>
        <line num="463" count="0" type="stmt"/>
        <line num="472" count="5" type="stmt"/>
        <line num="473" count="0" type="stmt"/>
        <line num="474" count="0" type="stmt"/>
        <line num="476" count="0" type="cond" truecount="0" falsecount="2"/>
        <line num="477" count="0" type="stmt"/>
        <line num="481" count="0" type="stmt"/>
        <line num="483" count="0" type="stmt"/>
        <line num="485" count="0" type="stmt"/>
        <line num="492" count="0" type="stmt"/>
        <line num="493" count="0" type="stmt"/>
        <line num="502" count="5" type="stmt"/>
        <line num="503" count="0" type="stmt"/>
        <line num="504" count="0" type="stmt"/>
        <line num="507" count="0" type="cond" truecount="0" falsecount="2"/>
        <line num="509" count="0" type="stmt"/>
        <line num="514" count="0" type="stmt"/>
        <line num="515" count="0" type="stmt"/>
        <line num="525" count="5" type="stmt"/>
        <line num="526" count="206" type="stmt"/>
        <line num="527" count="206" type="stmt"/>
        <line num="529" count="206" type="stmt"/>
        <line num="531" count="206" type="cond" truecount="1" falsecount="1"/>
        <line num="532" count="0" type="stmt"/>
        <line num="536" count="206" type="stmt"/>
        <line num="541" count="206" type="cond" truecount="1" falsecount="1"/>
        <line num="542" count="0" type="stmt"/>
        <line num="543" count="0" type="stmt"/>
        <line num="546" count="206" type="stmt"/>
        <line num="549" count="206" type="stmt"/>
        <line num="550" count="206" type="stmt"/>
        <line num="552" count="206" type="cond" truecount="1" falsecount="1"/>
        <line num="553" count="0" type="stmt"/>
        <line num="554" count="0" type="stmt"/>
        <line num="559" count="206" type="cond" truecount="1" falsecount="1"/>
        <line num="561" count="206" type="stmt"/>
        <line num="562" count="206" type="stmt"/>
        <line num="563" count="206" type="stmt"/>
        <line num="565" count="206" type="stmt"/>
        <line num="572" count="206" type="stmt"/>
        <line num="575" count="206" type="stmt"/>
        <line num="582" count="206" type="cond" truecount="1" falsecount="1"/>
        <line num="583" count="206" type="stmt"/>
        <line num="587" count="206" type="stmt"/>
        <line num="604" count="206" type="stmt"/>
        <line num="607" count="206" type="cond" truecount="1" falsecount="1"/>
        <line num="608" count="206" type="stmt"/>
        <line num="609" count="206" type="stmt"/>
        <line num="613" count="206" type="cond" truecount="1" falsecount="1"/>
        <line num="614" count="206" type="stmt"/>
        <line num="617" count="206" type="stmt"/>
        <line num="619" count="206" type="stmt"/>
        <line num="620" count="206" type="stmt"/>
        <line num="621" count="206" type="stmt"/>
        <line num="623" count="206" type="cond" truecount="2" falsecount="0"/>
        <line num="624" count="206" type="stmt"/>
        <line num="628" count="206" type="cond" truecount="1" falsecount="1"/>
        <line num="629" count="0" type="stmt"/>
        <line num="630" count="0" type="stmt"/>
        <line num="631" count="0" type="stmt"/>
        <line num="633" count="206" type="stmt"/>
        <line num="635" count="206" type="stmt"/>
        <line num="636" count="206" type="stmt"/>
        <line num="637" count="206" type="stmt"/>
        <line num="639" count="206" type="cond" truecount="1" falsecount="1"/>
        <line num="643" count="206" type="stmt"/>
        <line num="650" count="206" type="stmt"/>
        <line num="655" count="206" type="cond" truecount="1" falsecount="1"/>
        <line num="656" count="0" type="stmt"/>
        <line num="657" count="0" type="stmt"/>
        <line num="661" count="206" type="stmt"/>
        <line num="666" count="0" type="stmt"/>
        <line num="667" count="0" type="stmt"/>
        <line num="673" count="5" type="stmt"/>
        <line num="674" count="0" type="cond" truecount="0" falsecount="4"/>
        <line num="675" count="0" type="stmt"/>
        <line num="676" count="0" type="stmt"/>
        <line num="679" count="0" type="stmt"/>
        <line num="680" count="0" type="stmt"/>
        <line num="681" count="0" type="stmt"/>
        <line num="687" count="0" type="stmt"/>
        <line num="689" count="0" type="stmt"/>
        <line num="706" count="5" type="stmt"/>
        <line num="707" count="5" type="stmt"/>
        <line num="712" count="5" type="stmt"/>
        <line num="719" count="5" type="cond" truecount="1" falsecount="1"/>
        <line num="720" count="0" type="stmt"/>
        <line num="727" count="5" type="cond" truecount="1" falsecount="1"/>
        <line num="728" count="0" type="stmt"/>
        <line num="735" count="5" type="cond" truecount="1" falsecount="1"/>
        <line num="736" count="0" type="stmt"/>
        <line num="747" count="5" type="cond" truecount="4" falsecount="0"/>
        <line num="749" count="3" type="cond" truecount="1" falsecount="1"/>
        <line num="750" count="0" type="stmt"/>
        <line num="757" count="3" type="cond" truecount="1" falsecount="1"/>
        <line num="758" count="0" type="stmt"/>
        <line num="765" count="3" type="cond" truecount="1" falsecount="1"/>
        <line num="766" count="0" type="stmt"/>
        <line num="778" count="5" type="stmt"/>
        <line num="781" count="5" type="cond" truecount="3" falsecount="1"/>
        <line num="782" count="0" type="stmt"/>
        <line num="786" count="5" type="cond" truecount="1" falsecount="1"/>
        <line num="787" count="5" type="stmt"/>
        <line num="788" count="5" type="cond" truecount="1" falsecount="1"/>
        <line num="789" count="5" type="cond" truecount="1" falsecount="1"/>
        <line num="790" count="5" type="stmt"/>
        <line num="793" count="5" type="cond" truecount="1" falsecount="1"/>
        <line num="794" count="0" type="stmt"/>
        <line num="805" count="5" type="cond" truecount="2" falsecount="0"/>
        <line num="808" count="3" type="cond" truecount="2" falsecount="0"/>
        <line num="809" count="2" type="stmt"/>
        <line num="813" count="1" type="stmt"/>
        <line num="817" count="2" type="stmt"/>
        <line num="825" count="3" type="stmt"/>
        <line num="827" count="3" type="cond" truecount="3" falsecount="1"/>
        <line num="828" count="0" type="stmt"/>
        <line num="831" count="3" type="stmt"/>
        <line num="833" count="3" type="stmt"/>
        <line num="849" count="0" type="stmt"/>
        <line num="850" count="0" type="stmt"/>
        <line num="858" count="5" type="stmt"/>
        <line num="859" count="0" type="stmt"/>
        <line num="860" count="0" type="stmt"/>
        <line num="862" count="0" type="stmt"/>
        <line num="868" count="0" type="stmt"/>
        <line num="870" count="0" type="cond" truecount="0" falsecount="4"/>
        <line num="871" count="0" type="stmt"/>
        <line num="875" count="0" type="stmt"/>
        <line num="884" count="0" type="stmt"/>
        <line num="889" count="0" type="stmt"/>
        <line num="890" count="0" type="stmt"/>
        <line num="894" count="5" type="stmt"/>
      </file>
    </package>
    <package name="Palettes-Escrow.routes">
      <metrics statements="63" coveredstatements="52" conditionals="36" coveredconditionals="23" methods="3" coveredmethods="3"/>
      <file name="refunds.js" path="C:\Users\DYKEDOMS COMPUTERS\Desktop\work\Palettes-Escrow\routes\refunds.js">
        <metrics statements="63" coveredstatements="52" conditionals="36" coveredconditionals="23" methods="3" coveredmethods="3"/>
        <line num="1" count="4" type="stmt"/>
        <line num="2" count="4" type="stmt"/>
        <line num="4" count="4" type="stmt"/>
        <line num="7" count="4" type="stmt"/>
        <line num="8" count="5" type="stmt"/>
        <line num="9" count="5" type="stmt"/>
        <line num="10" count="5" type="cond" truecount="1" falsecount="1"/>
        <line num="12" count="5" type="stmt"/>
        <line num="13" count="5" type="stmt"/>
        <line num="15" count="5" type="cond" truecount="1" falsecount="1"/>
        <line num="16" count="0" type="stmt"/>
        <line num="22" count="5" type="stmt"/>
        <line num="31" count="5" type="stmt"/>
        <line num="33" count="5" type="stmt"/>
        <line num="34" count="5" type="stmt"/>
        <line num="36" count="5" type="cond" truecount="2" falsecount="0"/>
        <line num="37" count="1" type="stmt"/>
        <line num="43" count="4" type="stmt"/>
        <line num="53" count="4" type="stmt"/>
        <line num="55" count="4" type="stmt"/>
        <line num="61" count="0" type="cond" truecount="0" falsecount="2"/>
        <line num="63" count="0" type="stmt"/>
        <line num="70" count="4" type="stmt"/>
        <line num="71" count="9" type="cond" truecount="2" falsecount="0"/>
        <line num="72" count="7" type="cond" truecount="1" falsecount="1"/>
        <line num="73" count="0" type="stmt"/>
        <line num="74" count="0" type="stmt"/>
        <line num="76" count="0" type="stmt"/>
        <line num="77" count="0" type="stmt"/>
        <line num="80" count="7" type="stmt"/>
        <line num="84" count="4" type="stmt"/>
        <line num="85" count="5" type="stmt"/>
        <line num="86" count="5" type="stmt"/>
        <line num="87" count="5" type="stmt"/>
        <line num="89" count="5" type="stmt"/>
        <line num="91" count="5" type="cond" truecount="1" falsecount="1"/>
        <line num="92" count="0" type="stmt"/>
        <line num="97" count="5" type="stmt"/>
        <line num="106" count="5" type="stmt"/>
        <line num="110" count="5" type="stmt"/>
        <line num="112" count="5" type="stmt"/>
        <line num="114" count="7" type="cond" truecount="1" falsecount="1"/>
        <line num="115" count="7" type="cond" truecount="1" falsecount="1"/>
        <line num="117" count="7" type="stmt"/>
        <line num="120" count="7" type="cond" truecount="3" falsecount="0"/>
        <line num="121" count="7" type="cond" truecount="4" falsecount="1"/>
        <line num="122" count="2" type="stmt"/>
        <line num="124" count="2" type="cond" truecount="1" falsecount="1"/>
        <line num="128" count="2" type="stmt"/>
        <line num="133" count="2" type="stmt"/>
        <line num="134" count="2" type="stmt"/>
        <line num="135" count="2" type="stmt"/>
        <line num="137" count="0" type="stmt"/>
        <line num="141" count="7" type="stmt"/>
        <line num="143" count="7" type="cond" truecount="1" falsecount="1"/>
        <line num="144" count="7" type="stmt"/>
        <line num="146" count="7" type="stmt"/>
        <line num="148" count="7" type="cond" truecount="4" falsecount="0"/>
        <line num="150" count="4" type="stmt"/>
        <line num="158" count="5" type="stmt"/>
        <line num="165" count="0" type="cond" truecount="0" falsecount="2"/>
        <line num="167" count="0" type="stmt"/>
        <line num="174" count="4" type="stmt"/>
      </file>
    </package>
    <package name="Palettes-Escrow.services">
      <metrics statements="123" coveredstatements="52" conditionals="101" coveredconditionals="20" methods="18" coveredmethods="5"/>
      <file name="paystack.js" path="C:\Users\DYKEDOMS COMPUTERS\Desktop\work\Palettes-Escrow\services\paystack.js">
        <metrics statements="123" coveredstatements="52" conditionals="101" coveredconditionals="20" methods="18" coveredmethods="5"/>
        <line num="12" count="5" type="stmt"/>
        <line num="13" count="5" type="stmt"/>
        <line num="14" count="5" type="stmt"/>
        <line num="20" count="5" type="stmt"/>
        <line num="21" count="5" type="cond" truecount="1" falsecount="1"/>
        <line num="24" count="5" type="cond" truecount="1" falsecount="1"/>
        <line num="25" count="0" type="stmt"/>
        <line num="65" count="5" type="stmt"/>
        <line num="71" count="2" type="cond" truecount="1" falsecount="1"/>
        <line num="72" count="0" type="stmt"/>
        <line num="76" count="2" type="cond" truecount="1" falsecount="1"/>
        <line num="77" count="0" type="stmt"/>
        <line num="81" count="2" type="cond" truecount="1" falsecount="1"/>
        <line num="82" count="0" type="stmt"/>
        <line num="86" count="2" type="cond" truecount="1" falsecount="1"/>
        <line num="87" count="0" type="stmt"/>
        <line num="95" count="2" type="stmt"/>
        <line num="96" count="2" type="stmt"/>
        <line num="99" count="2" type="stmt"/>
        <line num="102" count="2" type="stmt"/>
        <line num="106" count="2" type="stmt"/>
        <line num="112" count="2" type="stmt"/>
        <line num="134" count="5" type="cond" truecount="1" falsecount="0"/>
        <line num="135" count="2" type="stmt"/>
        <line num="136" count="2" type="stmt"/>
        <line num="146" count="2" type="cond" truecount="4" falsecount="1"/>
        <line num="147" count="1" type="stmt"/>
        <line num="150" count="2" type="stmt"/>
        <line num="151" count="2" type="stmt"/>
        <line num="154" count="0" type="cond" truecount="0" falsecount="2"/>
        <line num="156" count="0" type="cond" truecount="0" falsecount="2"/>
        <line num="157" count="0" type="cond" truecount="0" falsecount="2"/>
        <line num="159" count="0" type="stmt"/>
        <line num="162" count="0" type="stmt"/>
        <line num="195" count="5" type="stmt"/>
        <line num="197" count="0" type="cond" truecount="0" falsecount="2"/>
        <line num="198" count="0" type="stmt"/>
        <line num="201" count="0" type="cond" truecount="0" falsecount="4"/>
        <line num="202" count="0" type="stmt"/>
        <line num="206" count="0" type="stmt"/>
        <line num="215" count="0" type="cond" truecount="0" falsecount="2"/>
        <line num="216" count="0" type="stmt"/>
        <line num="219" count="0" type="cond" truecount="0" falsecount="2"/>
        <line num="220" count="0" type="stmt"/>
        <line num="224" count="0" type="stmt"/>
        <line num="237" count="5" type="stmt"/>
        <line num="238" count="1" type="cond" truecount="1" falsecount="1"/>
        <line num="239" count="0" type="stmt"/>
        <line num="242" count="1" type="stmt"/>
        <line num="255" count="5" type="cond" truecount="0" falsecount="1"/>
        <line num="256" count="0" type="stmt"/>
        <line num="258" count="0" type="cond" truecount="0" falsecount="2"/>
        <line num="259" count="0" type="cond" truecount="0" falsecount="2"/>
        <line num="260" count="0" type="cond" truecount="0" falsecount="2"/>
        <line num="261" count="0" type="cond" truecount="0" falsecount="2"/>
        <line num="263" count="0" type="cond" truecount="0" falsecount="2"/>
        <line num="264" count="0" type="stmt"/>
        <line num="286" count="5" type="cond" truecount="1" falsecount="1"/>
        <line num="287" count="2" type="cond" truecount="2" falsecount="0"/>
        <line num="288" count="1" type="stmt"/>
        <line num="291" count="1" type="stmt"/>
        <line num="297" count="1" type="cond" truecount="1" falsecount="1"/>
        <line num="298" count="1" type="cond" truecount="1" falsecount="1"/>
        <line num="299" count="0" type="stmt"/>
        <line num="301" count="1" type="stmt"/>
        <line num="304" count="1" type="stmt"/>
        <line num="316" count="5" type="cond" truecount="0" falsecount="1"/>
        <line num="317" count="0" type="stmt"/>
        <line num="319" count="0" type="cond" truecount="0" falsecount="2"/>
        <line num="320" count="0" type="cond" truecount="0" falsecount="2"/>
        <line num="321" count="0" type="cond" truecount="0" falsecount="2"/>
        <line num="323" count="0" type="cond" truecount="0" falsecount="2"/>
        <line num="324" count="0" type="stmt"/>
        <line num="341" count="5" type="stmt"/>
        <line num="342" count="0" type="stmt"/>
        <line num="344" count="0" type="stmt"/>
        <line num="345" count="0" type="cond" truecount="0" falsecount="2"/>
        <line num="346" count="0" type="stmt"/>
        <line num="350" count="0" type="stmt"/>
        <line num="359" count="5" type="cond" truecount="0" falsecount="1"/>
        <line num="360" count="0" type="stmt"/>
        <line num="362" count="0" type="cond" truecount="0" falsecount="2"/>
        <line num="363" count="0" type="cond" truecount="0" falsecount="2"/>
        <line num="365" count="0" type="cond" truecount="0" falsecount="2"/>
        <line num="366" count="0" type="stmt"/>
        <line num="376" count="5" type="stmt"/>
        <line num="377" count="0" type="cond" truecount="0" falsecount="2"/>
        <line num="378" count="0" type="stmt"/>
        <line num="381" count="0" type="stmt"/>
        <line num="401" count="5" type="stmt"/>
        <line num="402" count="0" type="cond" truecount="0" falsecount="4"/>
        <line num="403" count="0" type="stmt"/>
        <line num="406" count="0" type="stmt"/>
        <line num="408" count="0" type="stmt"/>
        <line num="414" count="0" type="stmt"/>
        <line num="416" count="0" type="stmt"/>
        <line num="417" count="0" type="stmt"/>
        <line num="435" count="5" type="stmt"/>
        <line num="436" count="0" type="cond" truecount="0" falsecount="2"/>
        <line num="437" count="0" type="stmt"/>
        <line num="440" count="0" type="stmt"/>
        <line num="449" count="5" type="stmt"/>
        <line num="450" count="0" type="cond" truecount="0" falsecount="2"/>
        <line num="451" count="0" type="stmt"/>
        <line num="454" count="0" type="stmt"/>
        <line num="467" count="5" type="cond" truecount="0" falsecount="1"/>
        <line num="468" count="0" type="stmt"/>
        <line num="478" count="5" type="stmt"/>
        <line num="479" count="0" type="cond" truecount="0" falsecount="4"/>
        <line num="480" count="0" type="stmt"/>
        <line num="483" count="0" type="stmt"/>
        <line num="499" count="5" type="stmt"/>
        <line num="500" count="303" type="cond" truecount="3" falsecount="1"/>
        <line num="501" count="0" type="stmt"/>
        <line num="503" count="303" type="stmt"/>
        <line num="515" count="5" type="stmt"/>
        <line num="516" count="0" type="cond" truecount="0" falsecount="4"/>
        <line num="517" count="0" type="stmt"/>
        <line num="519" count="0" type="stmt"/>
        <line num="532" count="5" type="cond" truecount="0" falsecount="1"/>
        <line num="533" count="0" type="stmt"/>
        <line num="534" count="0" type="stmt"/>
        <line num="541" count="5" type="stmt"/>
      </file>
    </package>
  </project>
</coverage>
