{"C:\\Users\\DYKEDOMS COMPUTERS\\Desktop\\work\\Palettes-Escrow\\events.js": {"path":"C:\\Users\\DYKEDOMS COMPUTERS\\Desktop\\work\\Palettes-Escrow\\events.js","statementMap":{"0":{"start":{"line":1,"column":21},"end":{"line":1,"column":38}},"1":{"start":{"line":2,"column":23},"end":{"line":2,"column":41}},"2":{"start":{"line":4,"column":0},"end":{"line":4,"column":32}}},"fnMap":{},"branchMap":{},"s":{"0":3,"1":3,"2":3},"f":{},"b":{},"_coverageSchema":"1a1c01bbd47fc00a2c39e90264f33305004495a9","hash":"ba24473f0be4b17fbe893696bc002c8183f818c4"}
,"C:\\Users\\DYKEDOMS COMPUTERS\\Desktop\\work\\Palettes-Escrow\\firebase.js": {"path":"C:\\Users\\DYKEDOMS COMPUTERS\\Desktop\\work\\Palettes-Escrow\\firebase.js","statementMap":{"0":{"start":{"line":1,"column":14},"end":{"line":1,"column":39}},"1":{"start":{"line":2,"column":23},"end":{"line":2,"column":70}},"2":{"start":{"line":5,"column":0},"end":{"line":7,"column":3}},"3":{"start":{"line":9,"column":11},"end":{"line":9,"column":28}},"4":{"start":{"line":11,"column":0},"end":{"line":11,"column":20}}},"fnMap":{},"branchMap":{},"s":{"0":3,"1":3,"2":3,"3":3,"4":3},"f":{},"b":{},"_coverageSchema":"1a1c01bbd47fc00a2c39e90264f33305004495a9","hash":"b23b5f4aa5252774761db44b45b80770207df580"}
,"C:\\Users\\DYKEDOMS COMPUTERS\\Desktop\\work\\Palettes-Escrow\\controllers\\transactionsController.js": {"path":"C:\\Users\\DYKEDOMS COMPUTERS\\Desktop\\work\\Palettes-Escrow\\controllers\\transactionsController.js","statementMap":{"0":{"start":{"line":11,"column":23},"end":{"line":11,"column":43}},"1":{"start":{"line":12,"column":24},"end":{"line":12,"column":55}},"2":{"start":{"line":13,"column":11},"end":{"line":13,"column":33}},"3":{"start":{"line":14,"column":15},"end":{"line":14,"column":32}},"4":{"start":{"line":29,"column":34},"end":{"line":268,"column":1}},"5":{"start":{"line":30,"column":2},"end":{"line":267,"column":3}},"6":{"start":{"line":37,"column":30},"end":{"line":37,"column":38}},"7":{"start":{"line":40,"column":4},"end":{"line":45,"column":5}},"8":{"start":{"line":41,"column":6},"end":{"line":44,"column":9}},"9":{"start":{"line":52,"column":4},"end":{"line":57,"column":5}},"10":{"start":{"line":53,"column":6},"end":{"line":56,"column":9}},"11":{"start":{"line":60,"column":4},"end":{"line":65,"column":5}},"12":{"start":{"line":61,"column":6},"end":{"line":64,"column":9}},"13":{"start":{"line":68,"column":4},"end":{"line":73,"column":5}},"14":{"start":{"line":69,"column":6},"end":{"line":72,"column":9}},"15":{"start":{"line":76,"column":4},"end":{"line":81,"column":5}},"16":{"start":{"line":77,"column":6},"end":{"line":80,"column":9}},"17":{"start":{"line":88,"column":23},"end":{"line":88,"column":56}},"18":{"start":{"line":89,"column":4},"end":{"line":94,"column":5}},"19":{"start":{"line":90,"column":6},"end":{"line":93,"column":9}},"20":{"start":{"line":97,"column":4},"end":{"line":102,"column":5}},"21":{"start":{"line":98,"column":6},"end":{"line":101,"column":9}},"22":{"start":{"line":105,"column":23},"end":{"line":105,"column":51}},"23":{"start":{"line":106,"column":4},"end":{"line":111,"column":5}},"24":{"start":{"line":107,"column":6},"end":{"line":110,"column":9}},"25":{"start":{"line":118,"column":4},"end":{"line":123,"column":5}},"26":{"start":{"line":119,"column":6},"end":{"line":122,"column":9}},"27":{"start":{"line":126,"column":4},"end":{"line":131,"column":5}},"28":{"start":{"line":127,"column":6},"end":{"line":130,"column":9}},"29":{"start":{"line":134,"column":4},"end":{"line":139,"column":5}},"30":{"start":{"line":135,"column":6},"end":{"line":138,"column":9}},"31":{"start":{"line":142,"column":4},"end":{"line":147,"column":5}},"32":{"start":{"line":143,"column":6},"end":{"line":146,"column":9}},"33":{"start":{"line":150,"column":4},"end":{"line":166,"column":5}},"34":{"start":{"line":152,"column":6},"end":{"line":157,"column":7}},"35":{"start":{"line":153,"column":8},"end":{"line":156,"column":11}},"36":{"start":{"line":160,"column":6},"end":{"line":165,"column":7}},"37":{"start":{"line":161,"column":8},"end":{"line":164,"column":11}},"38":{"start":{"line":174,"column":4},"end":{"line":186,"column":5}},"39":{"start":{"line":179,"column":6},"end":{"line":179,"column":70}},"40":{"start":{"line":182,"column":6},"end":{"line":185,"column":9}},"41":{"start":{"line":193,"column":24},"end":{"line":220,"column":5}},"42":{"start":{"line":225,"column":4},"end":{"line":230,"column":5}},"43":{"start":{"line":226,"column":6},"end":{"line":226,"column":55}},"44":{"start":{"line":229,"column":6},"end":{"line":229,"column":92}},"45":{"start":{"line":234,"column":4},"end":{"line":234,"column":66}},"46":{"start":{"line":235,"column":4},"end":{"line":235,"column":66}},"47":{"start":{"line":236,"column":4},"end":{"line":236,"column":62}},"48":{"start":{"line":237,"column":4},"end":{"line":237,"column":77}},"49":{"start":{"line":238,"column":4},"end":{"line":238,"column":69}},"50":{"start":{"line":239,"column":4},"end":{"line":239,"column":95}},"51":{"start":{"line":240,"column":4},"end":{"line":240,"column":69}},"52":{"start":{"line":242,"column":4},"end":{"line":242,"column":70}},"53":{"start":{"line":244,"column":4},"end":{"line":247,"column":5}},"54":{"start":{"line":245,"column":6},"end":{"line":245,"column":60}},"55":{"start":{"line":246,"column":6},"end":{"line":246,"column":111}},"56":{"start":{"line":249,"column":4},"end":{"line":249,"column":48}},"57":{"start":{"line":252,"column":4},"end":{"line":262,"column":7}},"58":{"start":{"line":265,"column":4},"end":{"line":265,"column":64}},"59":{"start":{"line":266,"column":4},"end":{"line":266,"column":95}},"60":{"start":{"line":275,"column":29},"end":{"line":317,"column":1}},"61":{"start":{"line":276,"column":2},"end":{"line":316,"column":3}},"62":{"start":{"line":277,"column":41},"end":{"line":277,"column":49}},"63":{"start":{"line":280,"column":27},"end":{"line":280,"column":53}},"64":{"start":{"line":281,"column":4},"end":{"line":286,"column":5}},"65":{"start":{"line":282,"column":6},"end":{"line":285,"column":9}},"66":{"start":{"line":288,"column":4},"end":{"line":293,"column":5}},"67":{"start":{"line":289,"column":6},"end":{"line":292,"column":9}},"68":{"start":{"line":295,"column":4},"end":{"line":300,"column":5}},"69":{"start":{"line":296,"column":6},"end":{"line":299,"column":9}},"70":{"start":{"line":303,"column":19},"end":{"line":303,"column":74}},"71":{"start":{"line":305,"column":4},"end":{"line":307,"column":5}},"72":{"start":{"line":306,"column":6},"end":{"line":306,"column":82}},"73":{"start":{"line":309,"column":4},"end":{"line":312,"column":7}},"74":{"start":{"line":314,"column":4},"end":{"line":314,"column":59}},"75":{"start":{"line":315,"column":4},"end":{"line":315,"column":51}},"76":{"start":{"line":324,"column":33},"end":{"line":383,"column":1}},"77":{"start":{"line":325,"column":2},"end":{"line":382,"column":3}},"78":{"start":{"line":326,"column":30},"end":{"line":326,"column":38}},"79":{"start":{"line":329,"column":27},"end":{"line":329,"column":42}},"80":{"start":{"line":330,"column":4},"end":{"line":335,"column":5}},"81":{"start":{"line":331,"column":6},"end":{"line":334,"column":9}},"82":{"start":{"line":337,"column":4},"end":{"line":342,"column":5}},"83":{"start":{"line":338,"column":6},"end":{"line":341,"column":9}},"84":{"start":{"line":344,"column":4},"end":{"line":349,"column":5}},"85":{"start":{"line":345,"column":6},"end":{"line":348,"column":9}},"86":{"start":{"line":352,"column":19},"end":{"line":352,"column":74}},"87":{"start":{"line":354,"column":4},"end":{"line":356,"column":5}},"88":{"start":{"line":355,"column":6},"end":{"line":355,"column":70}},"89":{"start":{"line":359,"column":21},"end":{"line":359,"column":47}},"90":{"start":{"line":360,"column":23},"end":{"line":376,"column":5}},"91":{"start":{"line":378,"column":4},"end":{"line":378,"column":71}},"92":{"start":{"line":380,"column":4},"end":{"line":380,"column":63}},"93":{"start":{"line":381,"column":4},"end":{"line":381,"column":51}},"94":{"start":{"line":389,"column":30},"end":{"line":465,"column":1}},"95":{"start":{"line":390,"column":2},"end":{"line":464,"column":3}},"96":{"start":{"line":391,"column":30},"end":{"line":391,"column":38}},"97":{"start":{"line":394,"column":27},"end":{"line":394,"column":42}},"98":{"start":{"line":395,"column":4},"end":{"line":400,"column":5}},"99":{"start":{"line":396,"column":6},"end":{"line":399,"column":9}},"100":{"start":{"line":402,"column":4},"end":{"line":407,"column":5}},"101":{"start":{"line":403,"column":6},"end":{"line":406,"column":9}},"102":{"start":{"line":409,"column":4},"end":{"line":414,"column":5}},"103":{"start":{"line":410,"column":6},"end":{"line":413,"column":9}},"104":{"start":{"line":417,"column":19},"end":{"line":417,"column":74}},"105":{"start":{"line":419,"column":4},"end":{"line":421,"column":5}},"106":{"start":{"line":420,"column":6},"end":{"line":420,"column":70}},"107":{"start":{"line":424,"column":21},"end":{"line":424,"column":47}},"108":{"start":{"line":425,"column":26},"end":{"line":425,"column":79}},"109":{"start":{"line":426,"column":25},"end":{"line":426,"column":52}},"110":{"start":{"line":427,"column":28},"end":{"line":427,"column":59}},"111":{"start":{"line":429,"column":20},"end":{"line":450,"column":5}},"112":{"start":{"line":452,"column":4},"end":{"line":460,"column":7}},"113":{"start":{"line":462,"column":4},"end":{"line":462,"column":60}},"114":{"start":{"line":463,"column":4},"end":{"line":463,"column":51}},"115":{"start":{"line":472,"column":26},"end":{"line":495,"column":1}},"116":{"start":{"line":473,"column":2},"end":{"line":494,"column":3}},"117":{"start":{"line":474,"column":48},"end":{"line":474,"column":56}},"118":{"start":{"line":476,"column":4},"end":{"line":478,"column":5}},"119":{"start":{"line":477,"column":6},"end":{"line":477,"column":107}},"120":{"start":{"line":481,"column":19},"end":{"line":481,"column":83}},"121":{"start":{"line":483,"column":4},"end":{"line":483,"column":51}},"122":{"start":{"line":485,"column":4},"end":{"line":490,"column":7}},"123":{"start":{"line":492,"column":4},"end":{"line":492,"column":56}},"124":{"start":{"line":493,"column":4},"end":{"line":493,"column":51}},"125":{"start":{"line":502,"column":26},"end":{"line":517,"column":1}},"126":{"start":{"line":503,"column":2},"end":{"line":516,"column":3}},"127":{"start":{"line":504,"column":30},"end":{"line":504,"column":38}},"128":{"start":{"line":507,"column":4},"end":{"line":507,"column":72}},"129":{"start":{"line":509,"column":4},"end":{"line":512,"column":7}},"130":{"start":{"line":514,"column":4},"end":{"line":514,"column":56}},"131":{"start":{"line":515,"column":4},"end":{"line":515,"column":51}},"132":{"start":{"line":525,"column":23},"end":{"line":669,"column":1}},"133":{"start":{"line":526,"column":2},"end":{"line":668,"column":3}},"134":{"start":{"line":527,"column":28},"end":{"line":527,"column":36}},"135":{"start":{"line":529,"column":4},"end":{"line":529,"column":80}},"136":{"start":{"line":531,"column":4},"end":{"line":533,"column":5}},"137":{"start":{"line":532,"column":6},"end":{"line":532,"column":83}},"138":{"start":{"line":536,"column":17},"end":{"line":539,"column":20}},"139":{"start":{"line":541,"column":4},"end":{"line":544,"column":5}},"140":{"start":{"line":542,"column":6},"end":{"line":542,"column":49}},"141":{"start":{"line":543,"column":6},"end":{"line":543,"column":66}},"142":{"start":{"line":546,"column":28},"end":{"line":546,"column":43}},"143":{"start":{"line":549,"column":16},"end":{"line":549,"column":20}},"144":{"start":{"line":550,"column":22},"end":{"line":550,"column":24}},"145":{"start":{"line":552,"column":4},"end":{"line":585,"column":5}},"146":{"start":{"line":553,"column":6},"end":{"line":553,"column":31}},"147":{"start":{"line":554,"column":6},"end":{"line":558,"column":9}},"148":{"start":{"line":559,"column":11},"end":{"line":585,"column":5}},"149":{"start":{"line":561,"column":28},"end":{"line":561,"column":57}},"150":{"start":{"line":562,"column":23},"end":{"line":562,"column":55}},"151":{"start":{"line":563,"column":21},"end":{"line":563,"column":49}},"152":{"start":{"line":565,"column":6},"end":{"line":570,"column":9}},"153":{"start":{"line":572,"column":6},"end":{"line":572,"column":31}},"154":{"start":{"line":575,"column":6},"end":{"line":579,"column":9}},"155":{"start":{"line":582,"column":6},"end":{"line":584,"column":7}},"156":{"start":{"line":583,"column":8},"end":{"line":583,"column":98}},"157":{"start":{"line":587,"column":31},"end":{"line":602,"column":5}},"158":{"start":{"line":604,"column":4},"end":{"line":604,"column":41}},"159":{"start":{"line":607,"column":4},"end":{"line":610,"column":5}},"160":{"start":{"line":608,"column":6},"end":{"line":608,"column":54}},"161":{"start":{"line":609,"column":6},"end":{"line":609,"column":57}},"162":{"start":{"line":613,"column":4},"end":{"line":659,"column":5}},"163":{"start":{"line":614,"column":6},"end":{"line":614,"column":106}},"164":{"start":{"line":617,"column":30},"end":{"line":617,"column":68}},"165":{"start":{"line":619,"column":21},"end":{"line":619,"column":22}},"166":{"start":{"line":620,"column":26},"end":{"line":620,"column":27}},"167":{"start":{"line":621,"column":21},"end":{"line":621,"column":26}},"168":{"start":{"line":623,"column":6},"end":{"line":653,"column":7}},"169":{"start":{"line":624,"column":30},"end":{"line":626,"column":16}},"170":{"start":{"line":628,"column":8},"end":{"line":652,"column":9}},"171":{"start":{"line":629,"column":10},"end":{"line":629,"column":65}},"172":{"start":{"line":630,"column":10},"end":{"line":630,"column":21}},"173":{"start":{"line":631,"column":10},"end":{"line":631,"column":66}},"174":{"start":{"line":631,"column":39},"end":{"line":631,"column":64}},"175":{"start":{"line":633,"column":10},"end":{"line":633,"column":26}},"176":{"start":{"line":635,"column":10},"end":{"line":651,"column":13}},"177":{"start":{"line":636,"column":27},"end":{"line":636,"column":54}},"178":{"start":{"line":637,"column":33},"end":{"line":637,"column":43}},"179":{"start":{"line":639,"column":39},"end":{"line":641,"column":27}},"180":{"start":{"line":643,"column":12},"end":{"line":648,"column":15}},"181":{"start":{"line":650,"column":12},"end":{"line":650,"column":85}},"182":{"start":{"line":655,"column":6},"end":{"line":658,"column":7}},"183":{"start":{"line":656,"column":8},"end":{"line":656,"column":61}},"184":{"start":{"line":657,"column":8},"end":{"line":657,"column":95}},"185":{"start":{"line":661,"column":4},"end":{"line":664,"column":7}},"186":{"start":{"line":666,"column":4},"end":{"line":666,"column":61}},"187":{"start":{"line":667,"column":4},"end":{"line":667,"column":66}},"188":{"start":{"line":673,"column":0},"end":{"line":692,"column":3}},"189":{"start":{"line":674,"column":2},"end":{"line":677,"column":3}},"190":{"start":{"line":675,"column":4},"end":{"line":675,"column":68}},"191":{"start":{"line":676,"column":4},"end":{"line":676,"column":11}},"192":{"start":{"line":679,"column":2},"end":{"line":691,"column":3}},"193":{"start":{"line":680,"column":4},"end":{"line":690,"column":5}},"194":{"start":{"line":681,"column":6},"end":{"line":681,"column":82}},"195":{"start":{"line":687,"column":6},"end":{"line":687,"column":89}},"196":{"start":{"line":689,"column":6},"end":{"line":689,"column":67}},"197":{"start":{"line":706,"column":26},"end":{"line":852,"column":1}},"198":{"start":{"line":707,"column":2},"end":{"line":851,"column":3}},"199":{"start":{"line":712,"column":34},"end":{"line":712,"column":42}},"200":{"start":{"line":719,"column":4},"end":{"line":724,"column":5}},"201":{"start":{"line":720,"column":6},"end":{"line":723,"column":9}},"202":{"start":{"line":727,"column":4},"end":{"line":732,"column":5}},"203":{"start":{"line":728,"column":6},"end":{"line":731,"column":9}},"204":{"start":{"line":735,"column":4},"end":{"line":740,"column":5}},"205":{"start":{"line":736,"column":6},"end":{"line":739,"column":9}},"206":{"start":{"line":747,"column":4},"end":{"line":771,"column":5}},"207":{"start":{"line":749,"column":6},"end":{"line":754,"column":7}},"208":{"start":{"line":750,"column":8},"end":{"line":753,"column":11}},"209":{"start":{"line":757,"column":6},"end":{"line":762,"column":7}},"210":{"start":{"line":758,"column":8},"end":{"line":761,"column":11}},"211":{"start":{"line":765,"column":6},"end":{"line":770,"column":7}},"212":{"start":{"line":766,"column":8},"end":{"line":769,"column":11}},"213":{"start":{"line":778,"column":30},"end":{"line":778,"column":80}},"214":{"start":{"line":781,"column":4},"end":{"line":783,"column":5}},"215":{"start":{"line":782,"column":6},"end":{"line":782,"column":70}},"216":{"start":{"line":786,"column":21},"end":{"line":786,"column":58}},"217":{"start":{"line":787,"column":26},"end":{"line":787,"column":49}},"218":{"start":{"line":788,"column":25},"end":{"line":788,"column":52}},"219":{"start":{"line":789,"column":28},"end":{"line":789,"column":59}},"220":{"start":{"line":790,"column":22},"end":{"line":790,"column":57}},"221":{"start":{"line":793,"column":4},"end":{"line":797,"column":5}},"222":{"start":{"line":794,"column":6},"end":{"line":796,"column":9}},"223":{"start":{"line":805,"column":4},"end":{"line":818,"column":5}},"224":{"start":{"line":808,"column":6},"end":{"line":812,"column":7}},"225":{"start":{"line":809,"column":8},"end":{"line":811,"column":11}},"226":{"start":{"line":813,"column":6},"end":{"line":813,"column":28}},"227":{"start":{"line":817,"column":6},"end":{"line":817,"column":35}},"228":{"start":{"line":825,"column":19},"end":{"line":825,"column":83}},"229":{"start":{"line":827,"column":4},"end":{"line":829,"column":5}},"230":{"start":{"line":828,"column":6},"end":{"line":828,"column":62}},"231":{"start":{"line":831,"column":4},"end":{"line":831,"column":58}},"232":{"start":{"line":833,"column":4},"end":{"line":847,"column":7}},"233":{"start":{"line":849,"column":4},"end":{"line":849,"column":56}},"234":{"start":{"line":850,"column":4},"end":{"line":850,"column":51}},"235":{"start":{"line":858,"column":20},"end":{"line":892,"column":1}},"236":{"start":{"line":859,"column":2},"end":{"line":891,"column":3}},"237":{"start":{"line":860,"column":41},"end":{"line":860,"column":49}},"238":{"start":{"line":862,"column":19},"end":{"line":866,"column":5}},"239":{"start":{"line":868,"column":19},"end":{"line":868,"column":60}},"240":{"start":{"line":870,"column":4},"end":{"line":872,"column":5}},"241":{"start":{"line":871,"column":6},"end":{"line":871,"column":71}},"242":{"start":{"line":875,"column":20},"end":{"line":882,"column":7}},"243":{"start":{"line":875,"column":47},"end":{"line":882,"column":5}},"244":{"start":{"line":884,"column":4},"end":{"line":887,"column":7}},"245":{"start":{"line":889,"column":4},"end":{"line":889,"column":50}},"246":{"start":{"line":890,"column":4},"end":{"line":890,"column":51}},"247":{"start":{"line":894,"column":0},"end":{"line":904,"column":2}}},"fnMap":{"0":{"name":"(anonymous_0)","decl":{"start":{"line":29,"column":34},"end":{"line":29,"column":35}},"loc":{"start":{"line":29,"column":54},"end":{"line":268,"column":1}},"line":29},"1":{"name":"(anonymous_1)","decl":{"start":{"line":275,"column":29},"end":{"line":275,"column":30}},"loc":{"start":{"line":275,"column":49},"end":{"line":317,"column":1}},"line":275},"2":{"name":"(anonymous_2)","decl":{"start":{"line":324,"column":33},"end":{"line":324,"column":34}},"loc":{"start":{"line":324,"column":53},"end":{"line":383,"column":1}},"line":324},"3":{"name":"(anonymous_3)","decl":{"start":{"line":389,"column":30},"end":{"line":389,"column":31}},"loc":{"start":{"line":389,"column":50},"end":{"line":465,"column":1}},"line":389},"4":{"name":"(anonymous_4)","decl":{"start":{"line":472,"column":26},"end":{"line":472,"column":27}},"loc":{"start":{"line":472,"column":46},"end":{"line":495,"column":1}},"line":472},"5":{"name":"(anonymous_5)","decl":{"start":{"line":502,"column":26},"end":{"line":502,"column":27}},"loc":{"start":{"line":502,"column":46},"end":{"line":517,"column":1}},"line":502},"6":{"name":"(anonymous_6)","decl":{"start":{"line":525,"column":23},"end":{"line":525,"column":24}},"loc":{"start":{"line":525,"column":43},"end":{"line":669,"column":1}},"line":525},"7":{"name":"(anonymous_7)","decl":{"start":{"line":631,"column":28},"end":{"line":631,"column":29}},"loc":{"start":{"line":631,"column":39},"end":{"line":631,"column":64}},"line":631},"8":{"name":"(anonymous_8)","decl":{"start":{"line":635,"column":32},"end":{"line":635,"column":33}},"loc":{"start":{"line":635,"column":47},"end":{"line":651,"column":11}},"line":635},"9":{"name":"(anonymous_9)","decl":{"start":{"line":673,"column":36},"end":{"line":673,"column":37}},"loc":{"start":{"line":673,"column":59},"end":{"line":692,"column":1}},"line":673},"10":{"name":"(anonymous_10)","decl":{"start":{"line":706,"column":26},"end":{"line":706,"column":27}},"loc":{"start":{"line":706,"column":46},"end":{"line":852,"column":1}},"line":706},"11":{"name":"(anonymous_11)","decl":{"start":{"line":858,"column":20},"end":{"line":858,"column":21}},"loc":{"start":{"line":858,"column":40},"end":{"line":892,"column":1}},"line":858},"12":{"name":"(anonymous_12)","decl":{"start":{"line":875,"column":36},"end":{"line":875,"column":37}},"loc":{"start":{"line":875,"column":47},"end":{"line":882,"column":5}},"line":875}},"branchMap":{"0":{"loc":{"start":{"line":40,"column":4},"end":{"line":45,"column":5}},"type":"if","locations":[{"start":{"line":40,"column":4},"end":{"line":45,"column":5}},{"start":{},"end":{}}],"line":40},"1":{"loc":{"start":{"line":52,"column":4},"end":{"line":57,"column":5}},"type":"if","locations":[{"start":{"line":52,"column":4},"end":{"line":57,"column":5}},{"start":{},"end":{}}],"line":52},"2":{"loc":{"start":{"line":60,"column":4},"end":{"line":65,"column":5}},"type":"if","locations":[{"start":{"line":60,"column":4},"end":{"line":65,"column":5}},{"start":{},"end":{}}],"line":60},"3":{"loc":{"start":{"line":68,"column":4},"end":{"line":73,"column":5}},"type":"if","locations":[{"start":{"line":68,"column":4},"end":{"line":73,"column":5}},{"start":{},"end":{}}],"line":68},"4":{"loc":{"start":{"line":76,"column":4},"end":{"line":81,"column":5}},"type":"if","locations":[{"start":{"line":76,"column":4},"end":{"line":81,"column":5}},{"start":{},"end":{}}],"line":76},"5":{"loc":{"start":{"line":88,"column":23},"end":{"line":88,"column":56}},"type":"binary-expr","locations":[{"start":{"line":88,"column":23},"end":{"line":88,"column":41}},{"start":{"line":88,"column":45},"end":{"line":88,"column":56}}],"line":88},"6":{"loc":{"start":{"line":89,"column":4},"end":{"line":94,"column":5}},"type":"if","locations":[{"start":{"line":89,"column":4},"end":{"line":94,"column":5}},{"start":{},"end":{}}],"line":89},"7":{"loc":{"start":{"line":97,"column":4},"end":{"line":102,"column":5}},"type":"if","locations":[{"start":{"line":97,"column":4},"end":{"line":102,"column":5}},{"start":{},"end":{}}],"line":97},"8":{"loc":{"start":{"line":106,"column":4},"end":{"line":111,"column":5}},"type":"if","locations":[{"start":{"line":106,"column":4},"end":{"line":111,"column":5}},{"start":{},"end":{}}],"line":106},"9":{"loc":{"start":{"line":118,"column":4},"end":{"line":123,"column":5}},"type":"if","locations":[{"start":{"line":118,"column":4},"end":{"line":123,"column":5}},{"start":{},"end":{}}],"line":118},"10":{"loc":{"start":{"line":118,"column":8},"end":{"line":118,"column":78}},"type":"binary-expr","locations":[{"start":{"line":118,"column":8},"end":{"line":118,"column":31}},{"start":{"line":118,"column":35},"end":{"line":118,"column":78}}],"line":118},"11":{"loc":{"start":{"line":126,"column":4},"end":{"line":131,"column":5}},"type":"if","locations":[{"start":{"line":126,"column":4},"end":{"line":131,"column":5}},{"start":{},"end":{}}],"line":126},"12":{"loc":{"start":{"line":126,"column":8},"end":{"line":126,"column":64}},"type":"binary-expr","locations":[{"start":{"line":126,"column":8},"end":{"line":126,"column":24}},{"start":{"line":126,"column":28},"end":{"line":126,"column":64}}],"line":126},"13":{"loc":{"start":{"line":134,"column":4},"end":{"line":139,"column":5}},"type":"if","locations":[{"start":{"line":134,"column":4},"end":{"line":139,"column":5}},{"start":{},"end":{}}],"line":134},"14":{"loc":{"start":{"line":134,"column":8},"end":{"line":134,"column":54}},"type":"binary-expr","locations":[{"start":{"line":134,"column":8},"end":{"line":134,"column":19}},{"start":{"line":134,"column":23},"end":{"line":134,"column":54}}],"line":134},"15":{"loc":{"start":{"line":142,"column":4},"end":{"line":147,"column":5}},"type":"if","locations":[{"start":{"line":142,"column":4},"end":{"line":147,"column":5}},{"start":{},"end":{}}],"line":142},"16":{"loc":{"start":{"line":142,"column":8},"end":{"line":142,"column":66}},"type":"binary-expr","locations":[{"start":{"line":142,"column":8},"end":{"line":142,"column":25}},{"start":{"line":142,"column":29},"end":{"line":142,"column":66}}],"line":142},"17":{"loc":{"start":{"line":150,"column":4},"end":{"line":166,"column":5}},"type":"if","locations":[{"start":{"line":150,"column":4},"end":{"line":166,"column":5}},{"start":{},"end":{}}],"line":150},"18":{"loc":{"start":{"line":152,"column":6},"end":{"line":157,"column":7}},"type":"if","locations":[{"start":{"line":152,"column":6},"end":{"line":157,"column":7}},{"start":{},"end":{}}],"line":152},"19":{"loc":{"start":{"line":152,"column":10},"end":{"line":152,"column":76}},"type":"binary-expr","locations":[{"start":{"line":152,"column":10},"end":{"line":152,"column":31}},{"start":{"line":152,"column":35},"end":{"line":152,"column":76}}],"line":152},"20":{"loc":{"start":{"line":160,"column":6},"end":{"line":165,"column":7}},"type":"if","locations":[{"start":{"line":160,"column":6},"end":{"line":165,"column":7}},{"start":{},"end":{}}],"line":160},"21":{"loc":{"start":{"line":160,"column":10},"end":{"line":160,"column":78}},"type":"binary-expr","locations":[{"start":{"line":160,"column":10},"end":{"line":160,"column":32}},{"start":{"line":160,"column":36},"end":{"line":160,"column":78}}],"line":160},"22":{"loc":{"start":{"line":209,"column":23},"end":{"line":209,"column":51}},"type":"binary-expr","locations":[{"start":{"line":209,"column":23},"end":{"line":209,"column":45}},{"start":{"line":209,"column":49},"end":{"line":209,"column":51}}],"line":209},"23":{"loc":{"start":{"line":209,"column":55},"end":{"line":209,"column":84}},"type":"binary-expr","locations":[{"start":{"line":209,"column":55},"end":{"line":209,"column":78}},{"start":{"line":209,"column":82},"end":{"line":209,"column":84}}],"line":209},"24":{"loc":{"start":{"line":210,"column":21},"end":{"line":210,"column":33}},"type":"binary-expr","locations":[{"start":{"line":210,"column":21},"end":{"line":210,"column":27}},{"start":{"line":210,"column":31},"end":{"line":210,"column":33}}],"line":210},"25":{"loc":{"start":{"line":225,"column":4},"end":{"line":230,"column":5}},"type":"if","locations":[{"start":{"line":225,"column":4},"end":{"line":230,"column":5}},{"start":{},"end":{}}],"line":225},"26":{"loc":{"start":{"line":244,"column":4},"end":{"line":247,"column":5}},"type":"if","locations":[{"start":{"line":244,"column":4},"end":{"line":247,"column":5}},{"start":{},"end":{}}],"line":244},"27":{"loc":{"start":{"line":244,"column":8},"end":{"line":244,"column":49}},"type":"binary-expr","locations":[{"start":{"line":244,"column":8},"end":{"line":244,"column":15}},{"start":{"line":244,"column":19},"end":{"line":244,"column":33}},{"start":{"line":244,"column":37},"end":{"line":244,"column":49}}],"line":244},"28":{"loc":{"start":{"line":280,"column":27},"end":{"line":280,"column":53}},"type":"binary-expr","locations":[{"start":{"line":280,"column":27},"end":{"line":280,"column":36}},{"start":{"line":280,"column":40},"end":{"line":280,"column":53}}],"line":280},"29":{"loc":{"start":{"line":281,"column":4},"end":{"line":286,"column":5}},"type":"if","locations":[{"start":{"line":281,"column":4},"end":{"line":286,"column":5}},{"start":{},"end":{}}],"line":281},"30":{"loc":{"start":{"line":288,"column":4},"end":{"line":293,"column":5}},"type":"if","locations":[{"start":{"line":288,"column":4},"end":{"line":293,"column":5}},{"start":{},"end":{}}],"line":288},"31":{"loc":{"start":{"line":295,"column":4},"end":{"line":300,"column":5}},"type":"if","locations":[{"start":{"line":295,"column":4},"end":{"line":300,"column":5}},{"start":{},"end":{}}],"line":295},"32":{"loc":{"start":{"line":305,"column":4},"end":{"line":307,"column":5}},"type":"if","locations":[{"start":{"line":305,"column":4},"end":{"line":307,"column":5}},{"start":{},"end":{}}],"line":305},"33":{"loc":{"start":{"line":305,"column":8},"end":{"line":305,"column":33}},"type":"binary-expr","locations":[{"start":{"line":305,"column":8},"end":{"line":305,"column":15}},{"start":{"line":305,"column":19},"end":{"line":305,"column":33}}],"line":305},"34":{"loc":{"start":{"line":310,"column":20},"end":{"line":310,"column":72}},"type":"binary-expr","locations":[{"start":{"line":310,"column":20},"end":{"line":310,"column":49}},{"start":{"line":310,"column":53},"end":{"line":310,"column":72}}],"line":310},"35":{"loc":{"start":{"line":329,"column":27},"end":{"line":329,"column":42}},"type":"binary-expr","locations":[{"start":{"line":329,"column":27},"end":{"line":329,"column":36}},{"start":{"line":329,"column":40},"end":{"line":329,"column":42}}],"line":329},"36":{"loc":{"start":{"line":330,"column":4},"end":{"line":335,"column":5}},"type":"if","locations":[{"start":{"line":330,"column":4},"end":{"line":335,"column":5}},{"start":{},"end":{}}],"line":330},"37":{"loc":{"start":{"line":337,"column":4},"end":{"line":342,"column":5}},"type":"if","locations":[{"start":{"line":337,"column":4},"end":{"line":342,"column":5}},{"start":{},"end":{}}],"line":337},"38":{"loc":{"start":{"line":344,"column":4},"end":{"line":349,"column":5}},"type":"if","locations":[{"start":{"line":344,"column":4},"end":{"line":349,"column":5}},{"start":{},"end":{}}],"line":344},"39":{"loc":{"start":{"line":354,"column":4},"end":{"line":356,"column":5}},"type":"if","locations":[{"start":{"line":354,"column":4},"end":{"line":356,"column":5}},{"start":{},"end":{}}],"line":354},"40":{"loc":{"start":{"line":354,"column":8},"end":{"line":354,"column":33}},"type":"binary-expr","locations":[{"start":{"line":354,"column":8},"end":{"line":354,"column":15}},{"start":{"line":354,"column":19},"end":{"line":354,"column":33}}],"line":354},"41":{"loc":{"start":{"line":359,"column":21},"end":{"line":359,"column":47}},"type":"binary-expr","locations":[{"start":{"line":359,"column":21},"end":{"line":359,"column":41}},{"start":{"line":359,"column":45},"end":{"line":359,"column":47}}],"line":359},"42":{"loc":{"start":{"line":371,"column":24},"end":{"line":371,"column":77}},"type":"binary-expr","locations":[{"start":{"line":371,"column":24},"end":{"line":371,"column":47}},{"start":{"line":371,"column":52},"end":{"line":371,"column":76}}],"line":371},"43":{"loc":{"start":{"line":372,"column":23},"end":{"line":372,"column":50}},"type":"binary-expr","locations":[{"start":{"line":372,"column":23},"end":{"line":372,"column":45}},{"start":{"line":372,"column":49},"end":{"line":372,"column":50}}],"line":372},"44":{"loc":{"start":{"line":373,"column":27},"end":{"line":373,"column":58}},"type":"binary-expr","locations":[{"start":{"line":373,"column":27},"end":{"line":373,"column":53}},{"start":{"line":373,"column":57},"end":{"line":373,"column":58}}],"line":373},"45":{"loc":{"start":{"line":394,"column":27},"end":{"line":394,"column":42}},"type":"binary-expr","locations":[{"start":{"line":394,"column":27},"end":{"line":394,"column":36}},{"start":{"line":394,"column":40},"end":{"line":394,"column":42}}],"line":394},"46":{"loc":{"start":{"line":395,"column":4},"end":{"line":400,"column":5}},"type":"if","locations":[{"start":{"line":395,"column":4},"end":{"line":400,"column":5}},{"start":{},"end":{}}],"line":395},"47":{"loc":{"start":{"line":402,"column":4},"end":{"line":407,"column":5}},"type":"if","locations":[{"start":{"line":402,"column":4},"end":{"line":407,"column":5}},{"start":{},"end":{}}],"line":402},"48":{"loc":{"start":{"line":409,"column":4},"end":{"line":414,"column":5}},"type":"if","locations":[{"start":{"line":409,"column":4},"end":{"line":414,"column":5}},{"start":{},"end":{}}],"line":409},"49":{"loc":{"start":{"line":419,"column":4},"end":{"line":421,"column":5}},"type":"if","locations":[{"start":{"line":419,"column":4},"end":{"line":421,"column":5}},{"start":{},"end":{}}],"line":419},"50":{"loc":{"start":{"line":419,"column":8},"end":{"line":419,"column":33}},"type":"binary-expr","locations":[{"start":{"line":419,"column":8},"end":{"line":419,"column":15}},{"start":{"line":419,"column":19},"end":{"line":419,"column":33}}],"line":419},"51":{"loc":{"start":{"line":424,"column":21},"end":{"line":424,"column":47}},"type":"binary-expr","locations":[{"start":{"line":424,"column":21},"end":{"line":424,"column":41}},{"start":{"line":424,"column":45},"end":{"line":424,"column":47}}],"line":424},"52":{"loc":{"start":{"line":425,"column":26},"end":{"line":425,"column":79}},"type":"binary-expr","locations":[{"start":{"line":425,"column":26},"end":{"line":425,"column":49}},{"start":{"line":425,"column":54},"end":{"line":425,"column":78}}],"line":425},"53":{"loc":{"start":{"line":426,"column":25},"end":{"line":426,"column":52}},"type":"binary-expr","locations":[{"start":{"line":426,"column":25},"end":{"line":426,"column":47}},{"start":{"line":426,"column":51},"end":{"line":426,"column":52}}],"line":426},"54":{"loc":{"start":{"line":427,"column":28},"end":{"line":427,"column":59}},"type":"binary-expr","locations":[{"start":{"line":427,"column":28},"end":{"line":427,"column":54}},{"start":{"line":427,"column":58},"end":{"line":427,"column":59}}],"line":427},"55":{"loc":{"start":{"line":433,"column":14},"end":{"line":433,"column":63}},"type":"binary-expr","locations":[{"start":{"line":433,"column":14},"end":{"line":433,"column":33}},{"start":{"line":433,"column":37},"end":{"line":433,"column":63}}],"line":433},"56":{"loc":{"start":{"line":476,"column":4},"end":{"line":478,"column":5}},"type":"if","locations":[{"start":{"line":476,"column":4},"end":{"line":478,"column":5}},{"start":{},"end":{}}],"line":476},"57":{"loc":{"start":{"line":507,"column":55},"end":{"line":507,"column":70}},"type":"binary-expr","locations":[{"start":{"line":507,"column":55},"end":{"line":507,"column":64}},{"start":{"line":507,"column":68},"end":{"line":507,"column":70}}],"line":507},"58":{"loc":{"start":{"line":511,"column":17},"end":{"line":511,"column":32}},"type":"binary-expr","locations":[{"start":{"line":511,"column":17},"end":{"line":511,"column":26}},{"start":{"line":511,"column":30},"end":{"line":511,"column":32}}],"line":511},"59":{"loc":{"start":{"line":531,"column":4},"end":{"line":533,"column":5}},"type":"if","locations":[{"start":{"line":531,"column":4},"end":{"line":533,"column":5}},{"start":{},"end":{}}],"line":531},"60":{"loc":{"start":{"line":541,"column":4},"end":{"line":544,"column":5}},"type":"if","locations":[{"start":{"line":541,"column":4},"end":{"line":544,"column":5}},{"start":{},"end":{}}],"line":541},"61":{"loc":{"start":{"line":552,"column":4},"end":{"line":585,"column":5}},"type":"if","locations":[{"start":{"line":552,"column":4},"end":{"line":585,"column":5}},{"start":{"line":559,"column":11},"end":{"line":585,"column":5}}],"line":552},"62":{"loc":{"start":{"line":559,"column":11},"end":{"line":585,"column":5}},"type":"if","locations":[{"start":{"line":559,"column":11},"end":{"line":585,"column":5}},{"start":{},"end":{}}],"line":559},"63":{"loc":{"start":{"line":577,"column":15},"end":{"line":577,"column":51}},"type":"binary-expr","locations":[{"start":{"line":577,"column":15},"end":{"line":577,"column":28}},{"start":{"line":577,"column":33},"end":{"line":577,"column":50}}],"line":577},"64":{"loc":{"start":{"line":582,"column":6},"end":{"line":584,"column":7}},"type":"if","locations":[{"start":{"line":582,"column":6},"end":{"line":584,"column":7}},{"start":{},"end":{}}],"line":582},"65":{"loc":{"start":{"line":592,"column":17},"end":{"line":592,"column":57}},"type":"binary-expr","locations":[{"start":{"line":592,"column":17},"end":{"line":592,"column":29}},{"start":{"line":592,"column":33},"end":{"line":592,"column":57}}],"line":592},"66":{"loc":{"start":{"line":596,"column":27},"end":{"line":601,"column":14}},"type":"cond-expr","locations":[{"start":{"line":596,"column":43},"end":{"line":601,"column":7}},{"start":{"line":601,"column":10},"end":{"line":601,"column":14}}],"line":596},"67":{"loc":{"start":{"line":607,"column":4},"end":{"line":610,"column":5}},"type":"if","locations":[{"start":{"line":607,"column":4},"end":{"line":610,"column":5}},{"start":{},"end":{}}],"line":607},"68":{"loc":{"start":{"line":613,"column":4},"end":{"line":659,"column":5}},"type":"if","locations":[{"start":{"line":613,"column":4},"end":{"line":659,"column":5}},{"start":{},"end":{}}],"line":613},"69":{"loc":{"start":{"line":623,"column":13},"end":{"line":623,"column":48}},"type":"binary-expr","locations":[{"start":{"line":623,"column":13},"end":{"line":623,"column":35}},{"start":{"line":623,"column":39},"end":{"line":623,"column":48}}],"line":623},"70":{"loc":{"start":{"line":628,"column":8},"end":{"line":652,"column":9}},"type":"if","locations":[{"start":{"line":628,"column":8},"end":{"line":652,"column":9}},{"start":{"line":632,"column":15},"end":{"line":652,"column":9}}],"line":628},"71":{"loc":{"start":{"line":639,"column":39},"end":{"line":641,"column":27}},"type":"cond-expr","locations":[{"start":{"line":640,"column":16},"end":{"line":640,"column":61}},{"start":{"line":641,"column":16},"end":{"line":641,"column":27}}],"line":639},"72":{"loc":{"start":{"line":647,"column":22},"end":{"line":647,"column":79}},"type":"cond-expr","locations":[{"start":{"line":647,"column":51},"end":{"line":647,"column":57}},{"start":{"line":647,"column":60},"end":{"line":647,"column":79}}],"line":647},"73":{"loc":{"start":{"line":655,"column":6},"end":{"line":658,"column":7}},"type":"if","locations":[{"start":{"line":655,"column":6},"end":{"line":658,"column":7}},{"start":{},"end":{}}],"line":655},"74":{"loc":{"start":{"line":674,"column":2},"end":{"line":677,"column":3}},"type":"if","locations":[{"start":{"line":674,"column":2},"end":{"line":677,"column":3}},{"start":{},"end":{}}],"line":674},"75":{"loc":{"start":{"line":674,"column":6},"end":{"line":674,"column":46}},"type":"binary-expr","locations":[{"start":{"line":674,"column":6},"end":{"line":674,"column":18}},{"start":{"line":674,"column":22},"end":{"line":674,"column":46}}],"line":674},"76":{"loc":{"start":{"line":719,"column":4},"end":{"line":724,"column":5}},"type":"if","locations":[{"start":{"line":719,"column":4},"end":{"line":724,"column":5}},{"start":{},"end":{}}],"line":719},"77":{"loc":{"start":{"line":727,"column":4},"end":{"line":732,"column":5}},"type":"if","locations":[{"start":{"line":727,"column":4},"end":{"line":732,"column":5}},{"start":{},"end":{}}],"line":727},"78":{"loc":{"start":{"line":735,"column":4},"end":{"line":740,"column":5}},"type":"if","locations":[{"start":{"line":735,"column":4},"end":{"line":740,"column":5}},{"start":{},"end":{}}],"line":735},"79":{"loc":{"start":{"line":747,"column":4},"end":{"line":771,"column":5}},"type":"if","locations":[{"start":{"line":747,"column":4},"end":{"line":771,"column":5}},{"start":{},"end":{}}],"line":747},"80":{"loc":{"start":{"line":747,"column":8},"end":{"line":747,"column":47}},"type":"binary-expr","locations":[{"start":{"line":747,"column":8},"end":{"line":747,"column":28}},{"start":{"line":747,"column":32},"end":{"line":747,"column":47}}],"line":747},"81":{"loc":{"start":{"line":749,"column":6},"end":{"line":754,"column":7}},"type":"if","locations":[{"start":{"line":749,"column":6},"end":{"line":754,"column":7}},{"start":{},"end":{}}],"line":749},"82":{"loc":{"start":{"line":757,"column":6},"end":{"line":762,"column":7}},"type":"if","locations":[{"start":{"line":757,"column":6},"end":{"line":762,"column":7}},{"start":{},"end":{}}],"line":757},"83":{"loc":{"start":{"line":765,"column":6},"end":{"line":770,"column":7}},"type":"if","locations":[{"start":{"line":765,"column":6},"end":{"line":770,"column":7}},{"start":{},"end":{}}],"line":765},"84":{"loc":{"start":{"line":781,"column":4},"end":{"line":783,"column":5}},"type":"if","locations":[{"start":{"line":781,"column":4},"end":{"line":783,"column":5}},{"start":{},"end":{}}],"line":781},"85":{"loc":{"start":{"line":781,"column":8},"end":{"line":781,"column":55}},"type":"binary-expr","locations":[{"start":{"line":781,"column":8},"end":{"line":781,"column":26}},{"start":{"line":781,"column":30},"end":{"line":781,"column":55}}],"line":781},"86":{"loc":{"start":{"line":786,"column":21},"end":{"line":786,"column":58}},"type":"binary-expr","locations":[{"start":{"line":786,"column":21},"end":{"line":786,"column":52}},{"start":{"line":786,"column":56},"end":{"line":786,"column":58}}],"line":786},"87":{"loc":{"start":{"line":788,"column":25},"end":{"line":788,"column":52}},"type":"binary-expr","locations":[{"start":{"line":788,"column":25},"end":{"line":788,"column":47}},{"start":{"line":788,"column":51},"end":{"line":788,"column":52}}],"line":788},"88":{"loc":{"start":{"line":789,"column":28},"end":{"line":789,"column":59}},"type":"binary-expr","locations":[{"start":{"line":789,"column":28},"end":{"line":789,"column":54}},{"start":{"line":789,"column":58},"end":{"line":789,"column":59}}],"line":789},"89":{"loc":{"start":{"line":793,"column":4},"end":{"line":797,"column":5}},"type":"if","locations":[{"start":{"line":793,"column":4},"end":{"line":797,"column":5}},{"start":{},"end":{}}],"line":793},"90":{"loc":{"start":{"line":805,"column":4},"end":{"line":818,"column":5}},"type":"if","locations":[{"start":{"line":805,"column":4},"end":{"line":818,"column":5}},{"start":{"line":814,"column":11},"end":{"line":818,"column":5}}],"line":805},"91":{"loc":{"start":{"line":808,"column":6},"end":{"line":812,"column":7}},"type":"if","locations":[{"start":{"line":808,"column":6},"end":{"line":812,"column":7}},{"start":{},"end":{}}],"line":808},"92":{"loc":{"start":{"line":827,"column":4},"end":{"line":829,"column":5}},"type":"if","locations":[{"start":{"line":827,"column":4},"end":{"line":829,"column":5}},{"start":{},"end":{}}],"line":827},"93":{"loc":{"start":{"line":827,"column":8},"end":{"line":827,"column":33}},"type":"binary-expr","locations":[{"start":{"line":827,"column":8},"end":{"line":827,"column":15}},{"start":{"line":827,"column":19},"end":{"line":827,"column":33}}],"line":827},"94":{"loc":{"start":{"line":845,"column":21},"end":{"line":845,"column":72}},"type":"binary-expr","locations":[{"start":{"line":845,"column":21},"end":{"line":845,"column":44}},{"start":{"line":845,"column":48},"end":{"line":845,"column":72}}],"line":845},"95":{"loc":{"start":{"line":863,"column":15},"end":{"line":863,"column":28}},"type":"binary-expr","locations":[{"start":{"line":863,"column":15},"end":{"line":863,"column":22}},{"start":{"line":863,"column":26},"end":{"line":863,"column":28}}],"line":863},"96":{"loc":{"start":{"line":864,"column":12},"end":{"line":864,"column":21}},"type":"binary-expr","locations":[{"start":{"line":864,"column":12},"end":{"line":864,"column":16}},{"start":{"line":864,"column":20},"end":{"line":864,"column":21}}],"line":864},"97":{"loc":{"start":{"line":865,"column":10},"end":{"line":865,"column":36}},"type":"binary-expr","locations":[{"start":{"line":865,"column":10},"end":{"line":865,"column":19}},{"start":{"line":865,"column":23},"end":{"line":865,"column":36}}],"line":865},"98":{"loc":{"start":{"line":870,"column":4},"end":{"line":872,"column":5}},"type":"if","locations":[{"start":{"line":870,"column":4},"end":{"line":872,"column":5}},{"start":{},"end":{}}],"line":870},"99":{"loc":{"start":{"line":870,"column":8},"end":{"line":870,"column":33}},"type":"binary-expr","locations":[{"start":{"line":870,"column":8},"end":{"line":870,"column":15}},{"start":{"line":870,"column":19},"end":{"line":870,"column":33}}],"line":870}},"s":{"0":5,"1":5,"2":5,"3":5,"4":5,"5":0,"6":0,"7":0,"8":0,"9":0,"10":0,"11":0,"12":0,"13":0,"14":0,"15":0,"16":0,"17":0,"18":0,"19":0,"20":0,"21":0,"22":0,"23":0,"24":0,"25":0,"26":0,"27":0,"28":0,"29":0,"30":0,"31":0,"32":0,"33":0,"34":0,"35":0,"36":0,"37":0,"38":0,"39":0,"40":0,"41":0,"42":0,"43":0,"44":0,"45":0,"46":0,"47":0,"48":0,"49":0,"50":0,"51":0,"52":0,"53":0,"54":0,"55":0,"56":0,"57":0,"58":0,"59":0,"60":5,"61":1,"62":1,"63":1,"64":1,"65":0,"66":1,"67":0,"68":1,"69":0,"70":1,"71":1,"72":0,"73":1,"74":0,"75":0,"76":5,"77":0,"78":0,"79":0,"80":0,"81":0,"82":0,"83":0,"84":0,"85":0,"86":0,"87":0,"88":0,"89":0,"90":0,"91":0,"92":0,"93":0,"94":5,"95":0,"96":0,"97":0,"98":0,"99":0,"100":0,"101":0,"102":0,"103":0,"104":0,"105":0,"106":0,"107":0,"108":0,"109":0,"110":0,"111":0,"112":0,"113":0,"114":0,"115":5,"116":0,"117":0,"118":0,"119":0,"120":0,"121":0,"122":0,"123":0,"124":0,"125":5,"126":0,"127":0,"128":0,"129":0,"130":0,"131":0,"132":5,"133":206,"134":206,"135":206,"136":206,"137":0,"138":206,"139":206,"140":0,"141":0,"142":206,"143":206,"144":206,"145":206,"146":0,"147":0,"148":206,"149":206,"150":206,"151":206,"152":206,"153":206,"154":206,"155":206,"156":206,"157":206,"158":206,"159":206,"160":206,"161":206,"162":206,"163":206,"164":206,"165":206,"166":206,"167":206,"168":206,"169":206,"170":206,"171":0,"172":0,"173":0,"174":0,"175":206,"176":206,"177":206,"178":206,"179":206,"180":206,"181":206,"182":206,"183":0,"184":0,"185":206,"186":0,"187":0,"188":5,"189":0,"190":0,"191":0,"192":0,"193":0,"194":0,"195":0,"196":0,"197":5,"198":5,"199":5,"200":5,"201":0,"202":5,"203":0,"204":5,"205":0,"206":5,"207":3,"208":0,"209":3,"210":0,"211":3,"212":0,"213":5,"214":5,"215":0,"216":5,"217":5,"218":5,"219":5,"220":5,"221":5,"222":0,"223":5,"224":3,"225":2,"226":1,"227":2,"228":3,"229":3,"230":0,"231":3,"232":3,"233":0,"234":0,"235":5,"236":0,"237":0,"238":0,"239":0,"240":0,"241":0,"242":0,"243":0,"244":0,"245":0,"246":0,"247":5},"f":{"0":0,"1":1,"2":0,"3":0,"4":0,"5":0,"6":206,"7":0,"8":206,"9":0,"10":5,"11":0,"12":0},"b":{"0":[0,0],"1":[0,0],"2":[0,0],"3":[0,0],"4":[0,0],"5":[0,0],"6":[0,0],"7":[0,0],"8":[0,0],"9":[0,0],"10":[0,0],"11":[0,0],"12":[0,0],"13":[0,0],"14":[0,0],"15":[0,0],"16":[0,0],"17":[0,0],"18":[0,0],"19":[0,0],"20":[0,0],"21":[0,0],"22":[0,0],"23":[0,0],"24":[0,0],"25":[0,0],"26":[0,0],"27":[0,0,0],"28":[1,0],"29":[0,1],"30":[0,1],"31":[0,1],"32":[0,1],"33":[1,1],"34":[1,0],"35":[0,0],"36":[0,0],"37":[0,0],"38":[0,0],"39":[0,0],"40":[0,0],"41":[0,0],"42":[0,0],"43":[0,0],"44":[0,0],"45":[0,0],"46":[0,0],"47":[0,0],"48":[0,0],"49":[0,0],"50":[0,0],"51":[0,0],"52":[0,0],"53":[0,0],"54":[0,0],"55":[0,0],"56":[0,0],"57":[0,0],"58":[0,0],"59":[0,206],"60":[0,206],"61":[0,206],"62":[206,0],"63":[206,0],"64":[206,0],"65":[206,0],"66":[206,0],"67":[206,0],"68":[206,0],"69":[412,412],"70":[0,206],"71":[206,0],"72":[206,0],"73":[0,206],"74":[0,0],"75":[0,0],"76":[0,5],"77":[0,5],"78":[0,5],"79":[3,2],"80":[5,3],"81":[0,3],"82":[0,3],"83":[0,3],"84":[0,5],"85":[5,5],"86":[5,0],"87":[5,0],"88":[5,0],"89":[0,5],"90":[3,2],"91":[2,1],"92":[0,3],"93":[3,3],"94":[3,0],"95":[0,0],"96":[0,0],"97":[0,0],"98":[0,0],"99":[0,0]},"_coverageSchema":"1a1c01bbd47fc00a2c39e90264f33305004495a9","hash":"0bfdbd0ac6e3f8418da50bd2324e153e95868f97"}
,"C:\\Users\\DYKEDOMS COMPUTERS\\Desktop\\work\\Palettes-Escrow\\routes\\refunds.js": {"path":"C:\\Users\\DYKEDOMS COMPUTERS\\Desktop\\work\\Palettes-Escrow\\routes\\refunds.js","statementMap":{"0":{"start":{"line":1,"column":16},"end":{"line":1,"column":34}},"1":{"start":{"line":2,"column":14},"end":{"line":2,"column":30}},"2":{"start":{"line":4,"column":15},"end":{"line":4,"column":31}},"3":{"start":{"line":7,"column":0},"end":{"line":68,"column":3}},"4":{"start":{"line":8,"column":2},"end":{"line":67,"column":3}},"5":{"start":{"line":9,"column":41},"end":{"line":9,"column":49}},"6":{"start":{"line":10,"column":18},"end":{"line":10,"column":44}},"7":{"start":{"line":12,"column":4},"end":{"line":12,"column":42}},"8":{"start":{"line":13,"column":4},"end":{"line":13,"column":46}},"9":{"start":{"line":15,"column":4},"end":{"line":19,"column":5}},"10":{"start":{"line":16,"column":6},"end":{"line":18,"column":9}},"11":{"start":{"line":22,"column":27},"end":{"line":29,"column":5}},"12":{"start":{"line":31,"column":24},"end":{"line":31,"column":48}},"13":{"start":{"line":33,"column":4},"end":{"line":33,"column":54}},"14":{"start":{"line":34,"column":4},"end":{"line":34,"column":82}},"15":{"start":{"line":36,"column":4},"end":{"line":40,"column":5}},"16":{"start":{"line":37,"column":6},"end":{"line":39,"column":9}},"17":{"start":{"line":43,"column":27},"end":{"line":51,"column":5}},"18":{"start":{"line":53,"column":4},"end":{"line":53,"column":57}},"19":{"start":{"line":55,"column":4},"end":{"line":58,"column":7}},"20":{"start":{"line":61,"column":4},"end":{"line":61,"column":74}},"21":{"start":{"line":63,"column":4},"end":{"line":66,"column":7}},"22":{"start":{"line":70,"column":22},"end":{"line":81,"column":1}},"23":{"start":{"line":71,"column":2},"end":{"line":71,"column":29}},"24":{"start":{"line":71,"column":17},"end":{"line":71,"column":29}},"25":{"start":{"line":72,"column":2},"end":{"line":79,"column":3}},"26":{"start":{"line":73,"column":4},"end":{"line":78,"column":5}},"27":{"start":{"line":74,"column":6},"end":{"line":74,"column":34}},"28":{"start":{"line":76,"column":6},"end":{"line":76,"column":50}},"29":{"start":{"line":77,"column":6},"end":{"line":77,"column":18}},"30":{"start":{"line":80,"column":2},"end":{"line":80,"column":18}},"31":{"start":{"line":84,"column":0},"end":{"line":172,"column":3}},"32":{"start":{"line":85,"column":2},"end":{"line":171,"column":3}},"33":{"start":{"line":86,"column":4},"end":{"line":86,"column":50}},"34":{"start":{"line":87,"column":20},"end":{"line":87,"column":44}},"35":{"start":{"line":89,"column":4},"end":{"line":89,"column":46}},"36":{"start":{"line":91,"column":4},"end":{"line":95,"column":5}},"37":{"start":{"line":92,"column":6},"end":{"line":94,"column":9}},"38":{"start":{"line":97,"column":21},"end":{"line":104,"column":5}},"39":{"start":{"line":106,"column":20},"end":{"line":106,"column":38}},"40":{"start":{"line":110,"column":28},"end":{"line":110,"column":30}},"41":{"start":{"line":112,"column":4},"end":{"line":156,"column":5}},"42":{"start":{"line":114,"column":20},"end":{"line":114,"column":81}},"43":{"start":{"line":115,"column":19},"end":{"line":115,"column":63}},"44":{"start":{"line":117,"column":21},"end":{"line":117,"column":64}},"45":{"start":{"line":120,"column":29},"end":{"line":120,"column":87}},"46":{"start":{"line":121,"column":6},"end":{"line":139,"column":7}},"47":{"start":{"line":122,"column":8},"end":{"line":138,"column":9}},"48":{"start":{"line":124,"column":27},"end":{"line":126,"column":59}},"49":{"start":{"line":128,"column":29},"end":{"line":132,"column":12}},"50":{"start":{"line":133,"column":25},"end":{"line":133,"column":46}},"51":{"start":{"line":134,"column":10},"end":{"line":134,"column":53}},"52":{"start":{"line":135,"column":10},"end":{"line":135,"column":61}},"53":{"start":{"line":137,"column":10},"end":{"line":137,"column":95}},"54":{"start":{"line":141,"column":24},"end":{"line":141,"column":45}},"55":{"start":{"line":143,"column":24},"end":{"line":143,"column":50}},"56":{"start":{"line":144,"column":25},"end":{"line":144,"column":64}},"57":{"start":{"line":146,"column":6},"end":{"line":146,"column":72}},"58":{"start":{"line":148,"column":6},"end":{"line":155,"column":7}},"59":{"start":{"line":150,"column":8},"end":{"line":154,"column":11}},"60":{"start":{"line":158,"column":4},"end":{"line":162,"column":7}},"61":{"start":{"line":165,"column":4},"end":{"line":165,"column":81}},"62":{"start":{"line":167,"column":4},"end":{"line":170,"column":7}},"63":{"start":{"line":174,"column":0},"end":{"line":174,"column":24}}},"fnMap":{"0":{"name":"(anonymous_0)","decl":{"start":{"line":7,"column":17},"end":{"line":7,"column":18}},"loc":{"start":{"line":7,"column":37},"end":{"line":68,"column":1}},"line":7},"1":{"name":"(anonymous_1)","decl":{"start":{"line":70,"column":22},"end":{"line":70,"column":23}},"loc":{"start":{"line":70,"column":36},"end":{"line":81,"column":1}},"line":70},"2":{"name":"(anonymous_2)","decl":{"start":{"line":84,"column":16},"end":{"line":84,"column":17}},"loc":{"start":{"line":84,"column":36},"end":{"line":172,"column":1}},"line":84}},"branchMap":{"0":{"loc":{"start":{"line":10,"column":18},"end":{"line":10,"column":44}},"type":"binary-expr","locations":[{"start":{"line":10,"column":18},"end":{"line":10,"column":27}},{"start":{"line":10,"column":31},"end":{"line":10,"column":44}}],"line":10},"1":{"loc":{"start":{"line":15,"column":4},"end":{"line":19,"column":5}},"type":"if","locations":[{"start":{"line":15,"column":4},"end":{"line":19,"column":5}},{"start":{},"end":{}}],"line":15},"2":{"loc":{"start":{"line":36,"column":4},"end":{"line":40,"column":5}},"type":"if","locations":[{"start":{"line":36,"column":4},"end":{"line":40,"column":5}},{"start":{},"end":{}}],"line":36},"3":{"loc":{"start":{"line":61,"column":35},"end":{"line":61,"column":72}},"type":"binary-expr","locations":[{"start":{"line":61,"column":35},"end":{"line":61,"column":55}},{"start":{"line":61,"column":59},"end":{"line":61,"column":72}}],"line":61},"4":{"loc":{"start":{"line":71,"column":2},"end":{"line":71,"column":29}},"type":"if","locations":[{"start":{"line":71,"column":2},"end":{"line":71,"column":29}},{"start":{},"end":{}}],"line":71},"5":{"loc":{"start":{"line":72,"column":2},"end":{"line":79,"column":3}},"type":"if","locations":[{"start":{"line":72,"column":2},"end":{"line":79,"column":3}},{"start":{},"end":{}}],"line":72},"6":{"loc":{"start":{"line":91,"column":4},"end":{"line":95,"column":5}},"type":"if","locations":[{"start":{"line":91,"column":4},"end":{"line":95,"column":5}},{"start":{},"end":{}}],"line":91},"7":{"loc":{"start":{"line":114,"column":20},"end":{"line":114,"column":81}},"type":"binary-expr","locations":[{"start":{"line":114,"column":20},"end":{"line":114,"column":49}},{"start":{"line":114,"column":53},"end":{"line":114,"column":81}}],"line":114},"8":{"loc":{"start":{"line":115,"column":19},"end":{"line":115,"column":63}},"type":"binary-expr","locations":[{"start":{"line":115,"column":19},"end":{"line":115,"column":41}},{"start":{"line":115,"column":45},"end":{"line":115,"column":63}}],"line":115},"9":{"loc":{"start":{"line":120,"column":29},"end":{"line":120,"column":87}},"type":"binary-expr","locations":[{"start":{"line":120,"column":29},"end":{"line":120,"column":38}},{"start":{"line":120,"column":42},"end":{"line":120,"column":63}},{"start":{"line":120,"column":67},"end":{"line":120,"column":87}}],"line":120},"10":{"loc":{"start":{"line":121,"column":6},"end":{"line":139,"column":7}},"type":"if","locations":[{"start":{"line":121,"column":6},"end":{"line":139,"column":7}},{"start":{},"end":{}}],"line":121},"11":{"loc":{"start":{"line":121,"column":10},"end":{"line":121,"column":43}},"type":"binary-expr","locations":[{"start":{"line":121,"column":10},"end":{"line":121,"column":24}},{"start":{"line":121,"column":29},"end":{"line":121,"column":34}},{"start":{"line":121,"column":38},"end":{"line":121,"column":42}}],"line":121},"12":{"loc":{"start":{"line":124,"column":27},"end":{"line":126,"column":59}},"type":"cond-expr","locations":[{"start":{"line":125,"column":14},"end":{"line":125,"column":67}},{"start":{"line":126,"column":14},"end":{"line":126,"column":59}}],"line":124},"13":{"loc":{"start":{"line":143,"column":24},"end":{"line":143,"column":50}},"type":"binary-expr","locations":[{"start":{"line":143,"column":24},"end":{"line":143,"column":44}},{"start":{"line":143,"column":48},"end":{"line":143,"column":50}}],"line":143},"14":{"loc":{"start":{"line":148,"column":6},"end":{"line":155,"column":7}},"type":"if","locations":[{"start":{"line":148,"column":6},"end":{"line":155,"column":7}},{"start":{},"end":{}}],"line":148},"15":{"loc":{"start":{"line":148,"column":10},"end":{"line":148,"column":57}},"type":"binary-expr","locations":[{"start":{"line":148,"column":10},"end":{"line":148,"column":31}},{"start":{"line":148,"column":35},"end":{"line":148,"column":57}}],"line":148},"16":{"loc":{"start":{"line":165,"column":42},"end":{"line":165,"column":79}},"type":"binary-expr","locations":[{"start":{"line":165,"column":42},"end":{"line":165,"column":62}},{"start":{"line":165,"column":66},"end":{"line":165,"column":79}}],"line":165}},"s":{"0":4,"1":4,"2":4,"3":4,"4":5,"5":5,"6":5,"7":5,"8":5,"9":5,"10":0,"11":5,"12":5,"13":5,"14":5,"15":5,"16":1,"17":4,"18":4,"19":4,"20":0,"21":0,"22":4,"23":9,"24":2,"25":7,"26":0,"27":0,"28":0,"29":0,"30":7,"31":4,"32":5,"33":5,"34":5,"35":5,"36":5,"37":0,"38":5,"39":5,"40":5,"41":5,"42":7,"43":7,"44":7,"45":7,"46":7,"47":2,"48":2,"49":2,"50":2,"51":2,"52":2,"53":0,"54":7,"55":7,"56":7,"57":7,"58":7,"59":4,"60":5,"61":0,"62":0,"63":4},"f":{"0":5,"1":9,"2":5},"b":{"0":[5,0],"1":[0,5],"2":[1,4],"3":[0,0],"4":[2,7],"5":[0,7],"6":[0,5],"7":[7,0],"8":[7,0],"9":[7,5,5],"10":[2,5],"11":[7,2,0],"12":[2,0],"13":[7,0],"14":[4,3],"15":[7,5],"16":[0,0]},"_coverageSchema":"1a1c01bbd47fc00a2c39e90264f33305004495a9","hash":"8a2b91a83c6a35817c1e89c36d73e5c4b42ed04f"}
,"C:\\Users\\DYKEDOMS COMPUTERS\\Desktop\\work\\Palettes-Escrow\\services\\paystack.js": {"path":"C:\\Users\\DYKEDOMS COMPUTERS\\Desktop\\work\\Palettes-Escrow\\services\\paystack.js","statementMap":{"0":{"start":{"line":12,"column":14},"end":{"line":12,"column":30}},"1":{"start":{"line":13,"column":15},"end":{"line":13,"column":32}},"2":{"start":{"line":14,"column":0},"end":{"line":14,"column":27}},"3":{"start":{"line":20,"column":28},"end":{"line":20,"column":59}},"4":{"start":{"line":21,"column":26},"end":{"line":21,"column":84}},"5":{"start":{"line":24,"column":0},"end":{"line":26,"column":1}},"6":{"start":{"line":25,"column":2},"end":{"line":25,"column":78}},"7":{"start":{"line":65,"column":30},"end":{"line":119,"column":1}},"8":{"start":{"line":71,"column":2},"end":{"line":73,"column":3}},"9":{"start":{"line":72,"column":4},"end":{"line":72,"column":50}},"10":{"start":{"line":76,"column":2},"end":{"line":78,"column":3}},"11":{"start":{"line":77,"column":4},"end":{"line":77,"column":55}},"12":{"start":{"line":81,"column":2},"end":{"line":83,"column":3}},"13":{"start":{"line":82,"column":4},"end":{"line":82,"column":64}},"14":{"start":{"line":86,"column":2},"end":{"line":88,"column":3}},"15":{"start":{"line":87,"column":4},"end":{"line":87,"column":62}},"16":{"start":{"line":95,"column":27},"end":{"line":95,"column":28}},"17":{"start":{"line":96,"column":36},"end":{"line":96,"column":38}},"18":{"start":{"line":99,"column":23},"end":{"line":99,"column":87}},"19":{"start":{"line":102,"column":26},"end":{"line":102,"column":99}},"20":{"start":{"line":106,"column":22},"end":{"line":106,"column":94}},"21":{"start":{"line":112,"column":2},"end":{"line":118,"column":4}},"22":{"start":{"line":134,"column":28},"end":{"line":165,"column":1}},"23":{"start":{"line":135,"column":2},"end":{"line":164,"column":3}},"24":{"start":{"line":136,"column":19},"end":{"line":143,"column":5}},"25":{"start":{"line":146,"column":4},"end":{"line":148,"column":5}},"26":{"start":{"line":147,"column":6},"end":{"line":147,"column":25}},"27":{"start":{"line":150,"column":21},"end":{"line":150,"column":40}},"28":{"start":{"line":151,"column":4},"end":{"line":151,"column":25}},"29":{"start":{"line":154,"column":4},"end":{"line":163,"column":5}},"30":{"start":{"line":156,"column":6},"end":{"line":156,"column":105}},"31":{"start":{"line":157,"column":11},"end":{"line":163,"column":5}},"32":{"start":{"line":159,"column":6},"end":{"line":159,"column":69}},"33":{"start":{"line":162,"column":6},"end":{"line":162,"column":57}},"34":{"start":{"line":195,"column":30},"end":{"line":225,"column":1}},"35":{"start":{"line":197,"column":2},"end":{"line":199,"column":3}},"36":{"start":{"line":198,"column":4},"end":{"line":198,"column":50}},"37":{"start":{"line":201,"column":2},"end":{"line":203,"column":3}},"38":{"start":{"line":202,"column":4},"end":{"line":202,"column":48}},"39":{"start":{"line":206,"column":18},"end":{"line":212,"column":3}},"40":{"start":{"line":215,"column":2},"end":{"line":222,"column":3}},"41":{"start":{"line":216,"column":4},"end":{"line":216,"column":52}},"42":{"start":{"line":219,"column":4},"end":{"line":221,"column":5}},"43":{"start":{"line":220,"column":6},"end":{"line":220,"column":81}},"44":{"start":{"line":224,"column":2},"end":{"line":224,"column":79}},"45":{"start":{"line":237,"column":26},"end":{"line":243,"column":1}},"46":{"start":{"line":238,"column":2},"end":{"line":240,"column":3}},"47":{"start":{"line":239,"column":4},"end":{"line":239,"column":57}},"48":{"start":{"line":242,"column":2},"end":{"line":242,"column":78}},"49":{"start":{"line":255,"column":25},"end":{"line":265,"column":1}},"50":{"start":{"line":256,"column":22},"end":{"line":256,"column":43}},"51":{"start":{"line":258,"column":2},"end":{"line":258,"column":70}},"52":{"start":{"line":258,"column":23},"end":{"line":258,"column":70}},"53":{"start":{"line":259,"column":2},"end":{"line":259,"column":61}},"54":{"start":{"line":259,"column":20},"end":{"line":259,"column":61}},"55":{"start":{"line":260,"column":2},"end":{"line":260,"column":67}},"56":{"start":{"line":260,"column":22},"end":{"line":260,"column":67}},"57":{"start":{"line":261,"column":2},"end":{"line":261,"column":73}},"58":{"start":{"line":261,"column":24},"end":{"line":261,"column":73}},"59":{"start":{"line":263,"column":19},"end":{"line":263,"column":94}},"60":{"start":{"line":264,"column":2},"end":{"line":264,"column":52}},"61":{"start":{"line":286,"column":26},"end":{"line":305,"column":1}},"62":{"start":{"line":287,"column":2},"end":{"line":289,"column":3}},"63":{"start":{"line":288,"column":4},"end":{"line":288,"column":57}},"64":{"start":{"line":291,"column":18},"end":{"line":294,"column":3}},"65":{"start":{"line":297,"column":2},"end":{"line":302,"column":3}},"66":{"start":{"line":298,"column":4},"end":{"line":300,"column":5}},"67":{"start":{"line":299,"column":6},"end":{"line":299,"column":56}},"68":{"start":{"line":301,"column":4},"end":{"line":301,"column":39}},"69":{"start":{"line":304,"column":2},"end":{"line":304,"column":63}},"70":{"start":{"line":316,"column":20},"end":{"line":325,"column":1}},"71":{"start":{"line":317,"column":22},"end":{"line":317,"column":43}},"72":{"start":{"line":319,"column":2},"end":{"line":319,"column":70}},"73":{"start":{"line":319,"column":23},"end":{"line":319,"column":70}},"74":{"start":{"line":320,"column":2},"end":{"line":320,"column":61}},"75":{"start":{"line":320,"column":20},"end":{"line":320,"column":61}},"76":{"start":{"line":321,"column":2},"end":{"line":321,"column":76}},"77":{"start":{"line":321,"column":25},"end":{"line":321,"column":76}},"78":{"start":{"line":323,"column":19},"end":{"line":323,"column":89}},"79":{"start":{"line":324,"column":2},"end":{"line":324,"column":52}},"80":{"start":{"line":341,"column":25},"end":{"line":351,"column":1}},"81":{"start":{"line":342,"column":25},"end":{"line":342,"column":79}},"82":{"start":{"line":344,"column":2},"end":{"line":348,"column":3}},"83":{"start":{"line":345,"column":4},"end":{"line":347,"column":5}},"84":{"start":{"line":346,"column":6},"end":{"line":346,"column":70}},"85":{"start":{"line":350,"column":2},"end":{"line":350,"column":74}},"86":{"start":{"line":359,"column":24},"end":{"line":367,"column":1}},"87":{"start":{"line":360,"column":22},"end":{"line":360,"column":43}},"88":{"start":{"line":362,"column":2},"end":{"line":362,"column":70}},"89":{"start":{"line":362,"column":23},"end":{"line":362,"column":70}},"90":{"start":{"line":363,"column":2},"end":{"line":363,"column":61}},"91":{"start":{"line":363,"column":20},"end":{"line":363,"column":61}},"92":{"start":{"line":365,"column":19},"end":{"line":365,"column":93}},"93":{"start":{"line":366,"column":2},"end":{"line":366,"column":52}},"94":{"start":{"line":376,"column":25},"end":{"line":382,"column":1}},"95":{"start":{"line":377,"column":2},"end":{"line":379,"column":3}},"96":{"start":{"line":378,"column":4},"end":{"line":378,"column":51}},"97":{"start":{"line":381,"column":2},"end":{"line":381,"column":87}},"98":{"start":{"line":401,"column":31},"end":{"line":419,"column":1}},"99":{"start":{"line":402,"column":2},"end":{"line":404,"column":3}},"100":{"start":{"line":403,"column":4},"end":{"line":403,"column":17}},"101":{"start":{"line":406,"column":2},"end":{"line":418,"column":3}},"102":{"start":{"line":408,"column":17},"end":{"line":411,"column":20}},"103":{"start":{"line":414,"column":4},"end":{"line":414,"column":30}},"104":{"start":{"line":416,"column":4},"end":{"line":416,"column":63}},"105":{"start":{"line":417,"column":4},"end":{"line":417,"column":17}},"106":{"start":{"line":435,"column":23},"end":{"line":441,"column":1}},"107":{"start":{"line":436,"column":2},"end":{"line":438,"column":3}},"108":{"start":{"line":437,"column":4},"end":{"line":437,"column":50}},"109":{"start":{"line":440,"column":2},"end":{"line":440,"column":70}},"110":{"start":{"line":449,"column":20},"end":{"line":455,"column":1}},"111":{"start":{"line":450,"column":2},"end":{"line":452,"column":3}},"112":{"start":{"line":451,"column":4},"end":{"line":451,"column":58}},"113":{"start":{"line":454,"column":2},"end":{"line":454,"column":71}},"114":{"start":{"line":467,"column":18},"end":{"line":469,"column":1}},"115":{"start":{"line":468,"column":2},"end":{"line":468,"column":70}},"116":{"start":{"line":478,"column":29},"end":{"line":484,"column":1}},"117":{"start":{"line":479,"column":2},"end":{"line":481,"column":3}},"118":{"start":{"line":480,"column":4},"end":{"line":480,"column":65}},"119":{"start":{"line":483,"column":2},"end":{"line":483,"column":113}},"120":{"start":{"line":499,"column":18},"end":{"line":504,"column":1}},"121":{"start":{"line":500,"column":2},"end":{"line":502,"column":3}},"122":{"start":{"line":501,"column":4},"end":{"line":501,"column":56}},"123":{"start":{"line":503,"column":2},"end":{"line":503,"column":34}},"124":{"start":{"line":515,"column":18},"end":{"line":520,"column":1}},"125":{"start":{"line":516,"column":2},"end":{"line":518,"column":3}},"126":{"start":{"line":517,"column":4},"end":{"line":517,"column":61}},"127":{"start":{"line":519,"column":2},"end":{"line":519,"column":20}},"128":{"start":{"line":532,"column":21},"end":{"line":535,"column":1}},"129":{"start":{"line":533,"column":14},"end":{"line":533,"column":31}},"130":{"start":{"line":534,"column":2},"end":{"line":534,"column":30}},"131":{"start":{"line":541,"column":0},"end":{"line":577,"column":2}}},"fnMap":{"0":{"name":"(anonymous_0)","decl":{"start":{"line":65,"column":30},"end":{"line":65,"column":31}},"loc":{"start":{"line":65,"column":49},"end":{"line":119,"column":1}},"line":65},"1":{"name":"(anonymous_1)","decl":{"start":{"line":134,"column":28},"end":{"line":134,"column":29}},"loc":{"start":{"line":134,"column":69},"end":{"line":165,"column":1}},"line":134},"2":{"name":"(anonymous_2)","decl":{"start":{"line":195,"column":30},"end":{"line":195,"column":31}},"loc":{"start":{"line":195,"column":57},"end":{"line":225,"column":1}},"line":195},"3":{"name":"(anonymous_3)","decl":{"start":{"line":237,"column":26},"end":{"line":237,"column":27}},"loc":{"start":{"line":237,"column":47},"end":{"line":243,"column":1}},"line":237},"4":{"name":"(anonymous_4)","decl":{"start":{"line":255,"column":25},"end":{"line":255,"column":26}},"loc":{"start":{"line":255,"column":49},"end":{"line":265,"column":1}},"line":255},"5":{"name":"(anonymous_5)","decl":{"start":{"line":286,"column":26},"end":{"line":286,"column":27}},"loc":{"start":{"line":286,"column":98},"end":{"line":305,"column":1}},"line":286},"6":{"name":"(anonymous_6)","decl":{"start":{"line":316,"column":20},"end":{"line":316,"column":21}},"loc":{"start":{"line":316,"column":44},"end":{"line":325,"column":1}},"line":316},"7":{"name":"(anonymous_7)","decl":{"start":{"line":341,"column":25},"end":{"line":341,"column":26}},"loc":{"start":{"line":341,"column":51},"end":{"line":351,"column":1}},"line":341},"8":{"name":"(anonymous_8)","decl":{"start":{"line":359,"column":24},"end":{"line":359,"column":25}},"loc":{"start":{"line":359,"column":48},"end":{"line":367,"column":1}},"line":359},"9":{"name":"(anonymous_9)","decl":{"start":{"line":376,"column":25},"end":{"line":376,"column":26}},"loc":{"start":{"line":376,"column":63},"end":{"line":382,"column":1}},"line":376},"10":{"name":"(anonymous_10)","decl":{"start":{"line":401,"column":31},"end":{"line":401,"column":32}},"loc":{"start":{"line":401,"column":55},"end":{"line":419,"column":1}},"line":401},"11":{"name":"(anonymous_11)","decl":{"start":{"line":435,"column":23},"end":{"line":435,"column":24}},"loc":{"start":{"line":435,"column":47},"end":{"line":441,"column":1}},"line":435},"12":{"name":"(anonymous_12)","decl":{"start":{"line":449,"column":20},"end":{"line":449,"column":21}},"loc":{"start":{"line":449,"column":44},"end":{"line":455,"column":1}},"line":449},"13":{"name":"(anonymous_13)","decl":{"start":{"line":467,"column":18},"end":{"line":467,"column":19}},"loc":{"start":{"line":467,"column":44},"end":{"line":469,"column":1}},"line":467},"14":{"name":"(anonymous_14)","decl":{"start":{"line":478,"column":29},"end":{"line":478,"column":30}},"loc":{"start":{"line":478,"column":64},"end":{"line":484,"column":1}},"line":478},"15":{"name":"(anonymous_15)","decl":{"start":{"line":499,"column":18},"end":{"line":499,"column":19}},"loc":{"start":{"line":499,"column":30},"end":{"line":504,"column":1}},"line":499},"16":{"name":"(anonymous_16)","decl":{"start":{"line":515,"column":18},"end":{"line":515,"column":19}},"loc":{"start":{"line":515,"column":28},"end":{"line":520,"column":1}},"line":515},"17":{"name":"(anonymous_17)","decl":{"start":{"line":532,"column":21},"end":{"line":532,"column":22}},"loc":{"start":{"line":532,"column":51},"end":{"line":535,"column":1}},"line":532}},"branchMap":{"0":{"loc":{"start":{"line":21,"column":26},"end":{"line":21,"column":84}},"type":"binary-expr","locations":[{"start":{"line":21,"column":26},"end":{"line":21,"column":55}},{"start":{"line":21,"column":59},"end":{"line":21,"column":84}}],"line":21},"1":{"loc":{"start":{"line":24,"column":0},"end":{"line":26,"column":1}},"type":"if","locations":[{"start":{"line":24,"column":0},"end":{"line":26,"column":1}},{"start":{},"end":{}}],"line":24},"2":{"loc":{"start":{"line":71,"column":2},"end":{"line":73,"column":3}},"type":"if","locations":[{"start":{"line":71,"column":2},"end":{"line":73,"column":3}},{"start":{},"end":{}}],"line":71},"3":{"loc":{"start":{"line":76,"column":2},"end":{"line":78,"column":3}},"type":"if","locations":[{"start":{"line":76,"column":2},"end":{"line":78,"column":3}},{"start":{},"end":{}}],"line":76},"4":{"loc":{"start":{"line":81,"column":2},"end":{"line":83,"column":3}},"type":"if","locations":[{"start":{"line":81,"column":2},"end":{"line":83,"column":3}},{"start":{},"end":{}}],"line":81},"5":{"loc":{"start":{"line":86,"column":2},"end":{"line":88,"column":3}},"type":"if","locations":[{"start":{"line":86,"column":2},"end":{"line":88,"column":3}},{"start":{},"end":{}}],"line":86},"6":{"loc":{"start":{"line":134,"column":53},"end":{"line":134,"column":64}},"type":"default-arg","locations":[{"start":{"line":134,"column":60},"end":{"line":134,"column":64}}],"line":134},"7":{"loc":{"start":{"line":146,"column":4},"end":{"line":148,"column":5}},"type":"if","locations":[{"start":{"line":146,"column":4},"end":{"line":148,"column":5}},{"start":{},"end":{}}],"line":146},"8":{"loc":{"start":{"line":146,"column":8},"end":{"line":146,"column":55}},"type":"binary-expr","locations":[{"start":{"line":146,"column":8},"end":{"line":146,"column":12}},{"start":{"line":146,"column":17},"end":{"line":146,"column":34}},{"start":{"line":146,"column":38},"end":{"line":146,"column":54}}],"line":146},"9":{"loc":{"start":{"line":154,"column":4},"end":{"line":163,"column":5}},"type":"if","locations":[{"start":{"line":154,"column":4},"end":{"line":163,"column":5}},{"start":{"line":157,"column":11},"end":{"line":163,"column":5}}],"line":154},"10":{"loc":{"start":{"line":156,"column":45},"end":{"line":156,"column":101}},"type":"binary-expr","locations":[{"start":{"line":156,"column":45},"end":{"line":156,"column":72}},{"start":{"line":156,"column":76},"end":{"line":156,"column":101}}],"line":156},"11":{"loc":{"start":{"line":157,"column":11},"end":{"line":163,"column":5}},"type":"if","locations":[{"start":{"line":157,"column":11},"end":{"line":163,"column":5}},{"start":{"line":160,"column":11},"end":{"line":163,"column":5}}],"line":157},"12":{"loc":{"start":{"line":197,"column":2},"end":{"line":199,"column":3}},"type":"if","locations":[{"start":{"line":197,"column":2},"end":{"line":199,"column":3}},{"start":{},"end":{}}],"line":197},"13":{"loc":{"start":{"line":201,"column":2},"end":{"line":203,"column":3}},"type":"if","locations":[{"start":{"line":201,"column":2},"end":{"line":203,"column":3}},{"start":{},"end":{}}],"line":201},"14":{"loc":{"start":{"line":201,"column":6},"end":{"line":201,"column":60}},"type":"binary-expr","locations":[{"start":{"line":201,"column":6},"end":{"line":201,"column":29}},{"start":{"line":201,"column":33},"end":{"line":201,"column":60}}],"line":201},"15":{"loc":{"start":{"line":209,"column":14},"end":{"line":209,"column":47}},"type":"binary-expr","locations":[{"start":{"line":209,"column":14},"end":{"line":209,"column":38}},{"start":{"line":209,"column":42},"end":{"line":209,"column":47}}],"line":209},"16":{"loc":{"start":{"line":211,"column":14},"end":{"line":211,"column":44}},"type":"binary-expr","locations":[{"start":{"line":211,"column":14},"end":{"line":211,"column":38}},{"start":{"line":211,"column":42},"end":{"line":211,"column":44}}],"line":211},"17":{"loc":{"start":{"line":215,"column":2},"end":{"line":222,"column":3}},"type":"if","locations":[{"start":{"line":215,"column":2},"end":{"line":222,"column":3}},{"start":{},"end":{}}],"line":215},"18":{"loc":{"start":{"line":219,"column":4},"end":{"line":221,"column":5}},"type":"if","locations":[{"start":{"line":219,"column":4},"end":{"line":221,"column":5}},{"start":{},"end":{}}],"line":219},"19":{"loc":{"start":{"line":238,"column":2},"end":{"line":240,"column":3}},"type":"if","locations":[{"start":{"line":238,"column":2},"end":{"line":240,"column":3}},{"start":{},"end":{}}],"line":238},"20":{"loc":{"start":{"line":255,"column":32},"end":{"line":255,"column":44}},"type":"default-arg","locations":[{"start":{"line":255,"column":42},"end":{"line":255,"column":44}}],"line":255},"21":{"loc":{"start":{"line":258,"column":2},"end":{"line":258,"column":70}},"type":"if","locations":[{"start":{"line":258,"column":2},"end":{"line":258,"column":70}},{"start":{},"end":{}}],"line":258},"22":{"loc":{"start":{"line":259,"column":2},"end":{"line":259,"column":61}},"type":"if","locations":[{"start":{"line":259,"column":2},"end":{"line":259,"column":61}},{"start":{},"end":{}}],"line":259},"23":{"loc":{"start":{"line":260,"column":2},"end":{"line":260,"column":67}},"type":"if","locations":[{"start":{"line":260,"column":2},"end":{"line":260,"column":67}},{"start":{},"end":{}}],"line":260},"24":{"loc":{"start":{"line":261,"column":2},"end":{"line":261,"column":73}},"type":"if","locations":[{"start":{"line":261,"column":2},"end":{"line":261,"column":73}},{"start":{},"end":{}}],"line":261},"25":{"loc":{"start":{"line":263,"column":34},"end":{"line":263,"column":92}},"type":"cond-expr","locations":[{"start":{"line":263,"column":59},"end":{"line":263,"column":87}},{"start":{"line":263,"column":90},"end":{"line":263,"column":92}}],"line":263},"26":{"loc":{"start":{"line":286,"column":44},"end":{"line":286,"column":57}},"type":"default-arg","locations":[{"start":{"line":286,"column":53},"end":{"line":286,"column":57}}],"line":286},"27":{"loc":{"start":{"line":286,"column":59},"end":{"line":286,"column":93}},"type":"default-arg","locations":[{"start":{"line":286,"column":68},"end":{"line":286,"column":93}}],"line":286},"28":{"loc":{"start":{"line":287,"column":2},"end":{"line":289,"column":3}},"type":"if","locations":[{"start":{"line":287,"column":2},"end":{"line":289,"column":3}},{"start":{},"end":{}}],"line":287},"29":{"loc":{"start":{"line":297,"column":2},"end":{"line":302,"column":3}},"type":"if","locations":[{"start":{"line":297,"column":2},"end":{"line":302,"column":3}},{"start":{},"end":{}}],"line":297},"30":{"loc":{"start":{"line":298,"column":4},"end":{"line":300,"column":5}},"type":"if","locations":[{"start":{"line":298,"column":4},"end":{"line":300,"column":5}},{"start":{},"end":{}}],"line":298},"31":{"loc":{"start":{"line":316,"column":27},"end":{"line":316,"column":39}},"type":"default-arg","locations":[{"start":{"line":316,"column":37},"end":{"line":316,"column":39}}],"line":316},"32":{"loc":{"start":{"line":319,"column":2},"end":{"line":319,"column":70}},"type":"if","locations":[{"start":{"line":319,"column":2},"end":{"line":319,"column":70}},{"start":{},"end":{}}],"line":319},"33":{"loc":{"start":{"line":320,"column":2},"end":{"line":320,"column":61}},"type":"if","locations":[{"start":{"line":320,"column":2},"end":{"line":320,"column":61}},{"start":{},"end":{}}],"line":320},"34":{"loc":{"start":{"line":321,"column":2},"end":{"line":321,"column":76}},"type":"if","locations":[{"start":{"line":321,"column":2},"end":{"line":321,"column":76}},{"start":{},"end":{}}],"line":321},"35":{"loc":{"start":{"line":323,"column":29},"end":{"line":323,"column":87}},"type":"cond-expr","locations":[{"start":{"line":323,"column":54},"end":{"line":323,"column":82}},{"start":{"line":323,"column":85},"end":{"line":323,"column":87}}],"line":323},"36":{"loc":{"start":{"line":345,"column":4},"end":{"line":347,"column":5}},"type":"if","locations":[{"start":{"line":345,"column":4},"end":{"line":347,"column":5}},{"start":{},"end":{}}],"line":345},"37":{"loc":{"start":{"line":359,"column":31},"end":{"line":359,"column":43}},"type":"default-arg","locations":[{"start":{"line":359,"column":41},"end":{"line":359,"column":43}}],"line":359},"38":{"loc":{"start":{"line":362,"column":2},"end":{"line":362,"column":70}},"type":"if","locations":[{"start":{"line":362,"column":2},"end":{"line":362,"column":70}},{"start":{},"end":{}}],"line":362},"39":{"loc":{"start":{"line":363,"column":2},"end":{"line":363,"column":61}},"type":"if","locations":[{"start":{"line":363,"column":2},"end":{"line":363,"column":61}},{"start":{},"end":{}}],"line":363},"40":{"loc":{"start":{"line":365,"column":33},"end":{"line":365,"column":91}},"type":"cond-expr","locations":[{"start":{"line":365,"column":58},"end":{"line":365,"column":86}},{"start":{"line":365,"column":89},"end":{"line":365,"column":91}}],"line":365},"41":{"loc":{"start":{"line":377,"column":2},"end":{"line":379,"column":3}},"type":"if","locations":[{"start":{"line":377,"column":2},"end":{"line":379,"column":3}},{"start":{},"end":{}}],"line":377},"42":{"loc":{"start":{"line":402,"column":2},"end":{"line":404,"column":3}},"type":"if","locations":[{"start":{"line":402,"column":2},"end":{"line":404,"column":3}},{"start":{},"end":{}}],"line":402},"43":{"loc":{"start":{"line":402,"column":6},"end":{"line":402,"column":40}},"type":"binary-expr","locations":[{"start":{"line":402,"column":6},"end":{"line":402,"column":16}},{"start":{"line":402,"column":20},"end":{"line":402,"column":40}}],"line":402},"44":{"loc":{"start":{"line":436,"column":2},"end":{"line":438,"column":3}},"type":"if","locations":[{"start":{"line":436,"column":2},"end":{"line":438,"column":3}},{"start":{},"end":{}}],"line":436},"45":{"loc":{"start":{"line":450,"column":2},"end":{"line":452,"column":3}},"type":"if","locations":[{"start":{"line":450,"column":2},"end":{"line":452,"column":3}},{"start":{},"end":{}}],"line":450},"46":{"loc":{"start":{"line":467,"column":25},"end":{"line":467,"column":39}},"type":"default-arg","locations":[{"start":{"line":467,"column":35},"end":{"line":467,"column":39}}],"line":467},"47":{"loc":{"start":{"line":479,"column":2},"end":{"line":481,"column":3}},"type":"if","locations":[{"start":{"line":479,"column":2},"end":{"line":481,"column":3}},{"start":{},"end":{}}],"line":479},"48":{"loc":{"start":{"line":479,"column":6},"end":{"line":479,"column":33}},"type":"binary-expr","locations":[{"start":{"line":479,"column":6},"end":{"line":479,"column":20}},{"start":{"line":479,"column":24},"end":{"line":479,"column":33}}],"line":479},"49":{"loc":{"start":{"line":500,"column":2},"end":{"line":502,"column":3}},"type":"if","locations":[{"start":{"line":500,"column":2},"end":{"line":502,"column":3}},{"start":{},"end":{}}],"line":500},"50":{"loc":{"start":{"line":500,"column":6},"end":{"line":500,"column":46}},"type":"binary-expr","locations":[{"start":{"line":500,"column":6},"end":{"line":500,"column":32}},{"start":{"line":500,"column":36},"end":{"line":500,"column":46}}],"line":500},"51":{"loc":{"start":{"line":516,"column":2},"end":{"line":518,"column":3}},"type":"if","locations":[{"start":{"line":516,"column":2},"end":{"line":518,"column":3}},{"start":{},"end":{}}],"line":516},"52":{"loc":{"start":{"line":516,"column":6},"end":{"line":516,"column":42}},"type":"binary-expr","locations":[{"start":{"line":516,"column":6},"end":{"line":516,"column":30}},{"start":{"line":516,"column":34},"end":{"line":516,"column":42}}],"line":516},"53":{"loc":{"start":{"line":532,"column":30},"end":{"line":532,"column":46}},"type":"default-arg","locations":[{"start":{"line":532,"column":41},"end":{"line":532,"column":46}}],"line":532}},"s":{"0":5,"1":5,"2":5,"3":5,"4":5,"5":5,"6":0,"7":5,"8":2,"9":0,"10":2,"11":0,"12":2,"13":0,"14":2,"15":0,"16":2,"17":2,"18":2,"19":2,"20":2,"21":2,"22":5,"23":2,"24":2,"25":2,"26":1,"27":2,"28":2,"29":0,"30":0,"31":0,"32":0,"33":0,"34":5,"35":0,"36":0,"37":0,"38":0,"39":0,"40":0,"41":0,"42":0,"43":0,"44":0,"45":5,"46":1,"47":0,"48":1,"49":5,"50":0,"51":0,"52":0,"53":0,"54":0,"55":0,"56":0,"57":0,"58":0,"59":0,"60":0,"61":5,"62":2,"63":1,"64":1,"65":1,"66":1,"67":0,"68":1,"69":1,"70":5,"71":0,"72":0,"73":0,"74":0,"75":0,"76":0,"77":0,"78":0,"79":0,"80":5,"81":0,"82":0,"83":0,"84":0,"85":0,"86":5,"87":0,"88":0,"89":0,"90":0,"91":0,"92":0,"93":0,"94":5,"95":0,"96":0,"97":0,"98":5,"99":0,"100":0,"101":0,"102":0,"103":0,"104":0,"105":0,"106":5,"107":0,"108":0,"109":0,"110":5,"111":0,"112":0,"113":0,"114":5,"115":0,"116":5,"117":0,"118":0,"119":0,"120":5,"121":303,"122":0,"123":303,"124":5,"125":0,"126":0,"127":0,"128":5,"129":0,"130":0,"131":5},"f":{"0":2,"1":2,"2":0,"3":1,"4":0,"5":2,"6":0,"7":0,"8":0,"9":0,"10":0,"11":0,"12":0,"13":0,"14":0,"15":303,"16":0,"17":0},"b":{"0":[5,0],"1":[0,5],"2":[0,2],"3":[0,2],"4":[0,2],"5":[0,2],"6":[1],"7":[1,1],"8":[2,1,0],"9":[0,0],"10":[0,0],"11":[0,0],"12":[0,0],"13":[0,0],"14":[0,0],"15":[0,0],"16":[0,0],"17":[0,0],"18":[0,0],"19":[0,1],"20":[0],"21":[0,0],"22":[0,0],"23":[0,0],"24":[0,0],"25":[0,0],"26":[0],"27":[2],"28":[1,1],"29":[1,0],"30":[0,1],"31":[0],"32":[0,0],"33":[0,0],"34":[0,0],"35":[0,0],"36":[0,0],"37":[0],"38":[0,0],"39":[0,0],"40":[0,0],"41":[0,0],"42":[0,0],"43":[0,0],"44":[0,0],"45":[0,0],"46":[0],"47":[0,0],"48":[0,0],"49":[0,303],"50":[303,303],"51":[0,0],"52":[0,0],"53":[0]},"_coverageSchema":"1a1c01bbd47fc00a2c39e90264f33305004495a9","hash":"a8703c2e7c6db8db5462cd36750e620874504c1b"}
}
