TN:
SF:events.js
FNF:0
FNH:0
DA:1,3
DA:2,3
DA:4,3
LF:3
LH:3
BRF:0
BRH:0
end_of_record
TN:
SF:firebase.js
FNF:0
FNH:0
DA:1,3
DA:2,3
DA:5,3
DA:9,3
DA:11,3
LF:5
LH:5
BRF:0
BRH:0
end_of_record
TN:
SF:controllers\transactionsController.js
FN:29,(anonymous_0)
FN:275,(anonymous_1)
FN:324,(anonymous_2)
FN:389,(anonymous_3)
FN:472,(anonymous_4)
FN:502,(anonymous_5)
FN:525,(anonymous_6)
FN:631,(anonymous_7)
FN:635,(anonymous_8)
FN:673,(anonymous_9)
FN:706,(anonymous_10)
FN:858,(anonymous_11)
FN:875,(anonymous_12)
FNF:13
FNH:4
FNDA:0,(anonymous_0)
FNDA:1,(anonymous_1)
FNDA:0,(anonymous_2)
FNDA:0,(anonymous_3)
FNDA:0,(anonymous_4)
FNDA:0,(anonymous_5)
FNDA:206,(anonymous_6)
FNDA:0,(anonymous_7)
FNDA:206,(anonymous_8)
FNDA:0,(anonymous_9)
FNDA:5,(anonymous_10)
FNDA:0,(anonymous_11)
FNDA:0,(anonymous_12)
DA:11,5
DA:12,5
DA:13,5
DA:14,5
DA:29,5
DA:30,0
DA:37,0
DA:40,0
DA:41,0
DA:52,0
DA:53,0
DA:60,0
DA:61,0
DA:68,0
DA:69,0
DA:76,0
DA:77,0
DA:88,0
DA:89,0
DA:90,0
DA:97,0
DA:98,0
DA:105,0
DA:106,0
DA:107,0
DA:118,0
DA:119,0
DA:126,0
DA:127,0
DA:134,0
DA:135,0
DA:142,0
DA:143,0
DA:150,0
DA:152,0
DA:153,0
DA:160,0
DA:161,0
DA:174,0
DA:179,0
DA:182,0
DA:193,0
DA:225,0
DA:226,0
DA:229,0
DA:234,0
DA:235,0
DA:236,0
DA:237,0
DA:238,0
DA:239,0
DA:240,0
DA:242,0
DA:244,0
DA:245,0
DA:246,0
DA:249,0
DA:252,0
DA:265,0
DA:266,0
DA:275,5
DA:276,1
DA:277,1
DA:280,1
DA:281,1
DA:282,0
DA:288,1
DA:289,0
DA:295,1
DA:296,0
DA:303,1
DA:305,1
DA:306,0
DA:309,1
DA:314,0
DA:315,0
DA:324,5
DA:325,0
DA:326,0
DA:329,0
DA:330,0
DA:331,0
DA:337,0
DA:338,0
DA:344,0
DA:345,0
DA:352,0
DA:354,0
DA:355,0
DA:359,0
DA:360,0
DA:378,0
DA:380,0
DA:381,0
DA:389,5
DA:390,0
DA:391,0
DA:394,0
DA:395,0
DA:396,0
DA:402,0
DA:403,0
DA:409,0
DA:410,0
DA:417,0
DA:419,0
DA:420,0
DA:424,0
DA:425,0
DA:426,0
DA:427,0
DA:429,0
DA:452,0
DA:462,0
DA:463,0
DA:472,5
DA:473,0
DA:474,0
DA:476,0
DA:477,0
DA:481,0
DA:483,0
DA:485,0
DA:492,0
DA:493,0
DA:502,5
DA:503,0
DA:504,0
DA:507,0
DA:509,0
DA:514,0
DA:515,0
DA:525,5
DA:526,206
DA:527,206
DA:529,206
DA:531,206
DA:532,0
DA:536,206
DA:541,206
DA:542,0
DA:543,0
DA:546,206
DA:549,206
DA:550,206
DA:552,206
DA:553,0
DA:554,0
DA:559,206
DA:561,206
DA:562,206
DA:563,206
DA:565,206
DA:572,206
DA:575,206
DA:582,206
DA:583,206
DA:587,206
DA:604,206
DA:607,206
DA:608,206
DA:609,206
DA:613,206
DA:614,206
DA:617,206
DA:619,206
DA:620,206
DA:621,206
DA:623,206
DA:624,206
DA:628,206
DA:629,0
DA:630,0
DA:631,0
DA:633,206
DA:635,206
DA:636,206
DA:637,206
DA:639,206
DA:643,206
DA:650,206
DA:655,206
DA:656,0
DA:657,0
DA:661,206
DA:666,0
DA:667,0
DA:673,5
DA:674,0
DA:675,0
DA:676,0
DA:679,0
DA:680,0
DA:681,0
DA:687,0
DA:689,0
DA:706,5
DA:707,5
DA:712,5
DA:719,5
DA:720,0
DA:727,5
DA:728,0
DA:735,5
DA:736,0
DA:747,5
DA:749,3
DA:750,0
DA:757,3
DA:758,0
DA:765,3
DA:766,0
DA:778,5
DA:781,5
DA:782,0
DA:786,5
DA:787,5
DA:788,5
DA:789,5
DA:790,5
DA:793,5
DA:794,0
DA:805,5
DA:808,3
DA:809,2
DA:813,1
DA:817,2
DA:825,3
DA:827,3
DA:828,0
DA:831,3
DA:833,3
DA:849,0
DA:850,0
DA:858,5
DA:859,0
DA:860,0
DA:862,0
DA:868,0
DA:870,0
DA:871,0
DA:875,0
DA:884,0
DA:889,0
DA:890,0
DA:894,5
LF:246
LH:92
BRDA:40,0,0,0
BRDA:40,0,1,0
BRDA:52,1,0,0
BRDA:52,1,1,0
BRDA:60,2,0,0
BRDA:60,2,1,0
BRDA:68,3,0,0
BRDA:68,3,1,0
BRDA:76,4,0,0
BRDA:76,4,1,0
BRDA:88,5,0,0
BRDA:88,5,1,0
BRDA:89,6,0,0
BRDA:89,6,1,0
BRDA:97,7,0,0
BRDA:97,7,1,0
BRDA:106,8,0,0
BRDA:106,8,1,0
BRDA:118,9,0,0
BRDA:118,9,1,0
BRDA:118,10,0,0
BRDA:118,10,1,0
BRDA:126,11,0,0
BRDA:126,11,1,0
BRDA:126,12,0,0
BRDA:126,12,1,0
BRDA:134,13,0,0
BRDA:134,13,1,0
BRDA:134,14,0,0
BRDA:134,14,1,0
BRDA:142,15,0,0
BRDA:142,15,1,0
BRDA:142,16,0,0
BRDA:142,16,1,0
BRDA:150,17,0,0
BRDA:150,17,1,0
BRDA:152,18,0,0
BRDA:152,18,1,0
BRDA:152,19,0,0
BRDA:152,19,1,0
BRDA:160,20,0,0
BRDA:160,20,1,0
BRDA:160,21,0,0
BRDA:160,21,1,0
BRDA:209,22,0,0
BRDA:209,22,1,0
BRDA:209,23,0,0
BRDA:209,23,1,0
BRDA:210,24,0,0
BRDA:210,24,1,0
BRDA:225,25,0,0
BRDA:225,25,1,0
BRDA:244,26,0,0
BRDA:244,26,1,0
BRDA:244,27,0,0
BRDA:244,27,1,0
BRDA:244,27,2,0
BRDA:280,28,0,1
BRDA:280,28,1,0
BRDA:281,29,0,0
BRDA:281,29,1,1
BRDA:288,30,0,0
BRDA:288,30,1,1
BRDA:295,31,0,0
BRDA:295,31,1,1
BRDA:305,32,0,0
BRDA:305,32,1,1
BRDA:305,33,0,1
BRDA:305,33,1,1
BRDA:310,34,0,1
BRDA:310,34,1,0
BRDA:329,35,0,0
BRDA:329,35,1,0
BRDA:330,36,0,0
BRDA:330,36,1,0
BRDA:337,37,0,0
BRDA:337,37,1,0
BRDA:344,38,0,0
BRDA:344,38,1,0
BRDA:354,39,0,0
BRDA:354,39,1,0
BRDA:354,40,0,0
BRDA:354,40,1,0
BRDA:359,41,0,0
BRDA:359,41,1,0
BRDA:371,42,0,0
BRDA:371,42,1,0
BRDA:372,43,0,0
BRDA:372,43,1,0
BRDA:373,44,0,0
BRDA:373,44,1,0
BRDA:394,45,0,0
BRDA:394,45,1,0
BRDA:395,46,0,0
BRDA:395,46,1,0
BRDA:402,47,0,0
BRDA:402,47,1,0
BRDA:409,48,0,0
BRDA:409,48,1,0
BRDA:419,49,0,0
BRDA:419,49,1,0
BRDA:419,50,0,0
BRDA:419,50,1,0
BRDA:424,51,0,0
BRDA:424,51,1,0
BRDA:425,52,0,0
BRDA:425,52,1,0
BRDA:426,53,0,0
BRDA:426,53,1,0
BRDA:427,54,0,0
BRDA:427,54,1,0
BRDA:433,55,0,0
BRDA:433,55,1,0
BRDA:476,56,0,0
BRDA:476,56,1,0
BRDA:507,57,0,0
BRDA:507,57,1,0
BRDA:511,58,0,0
BRDA:511,58,1,0
BRDA:531,59,0,0
BRDA:531,59,1,206
BRDA:541,60,0,0
BRDA:541,60,1,206
BRDA:552,61,0,0
BRDA:552,61,1,206
BRDA:559,62,0,206
BRDA:559,62,1,0
BRDA:577,63,0,206
BRDA:577,63,1,0
BRDA:582,64,0,206
BRDA:582,64,1,0
BRDA:592,65,0,206
BRDA:592,65,1,0
BRDA:596,66,0,206
BRDA:596,66,1,0
BRDA:607,67,0,206
BRDA:607,67,1,0
BRDA:613,68,0,206
BRDA:613,68,1,0
BRDA:623,69,0,412
BRDA:623,69,1,412
BRDA:628,70,0,0
BRDA:628,70,1,206
BRDA:639,71,0,206
BRDA:639,71,1,0
BRDA:647,72,0,206
BRDA:647,72,1,0
BRDA:655,73,0,0
BRDA:655,73,1,206
BRDA:674,74,0,0
BRDA:674,74,1,0
BRDA:674,75,0,0
BRDA:674,75,1,0
BRDA:719,76,0,0
BRDA:719,76,1,5
BRDA:727,77,0,0
BRDA:727,77,1,5
BRDA:735,78,0,0
BRDA:735,78,1,5
BRDA:747,79,0,3
BRDA:747,79,1,2
BRDA:747,80,0,5
BRDA:747,80,1,3
BRDA:749,81,0,0
BRDA:749,81,1,3
BRDA:757,82,0,0
BRDA:757,82,1,3
BRDA:765,83,0,0
BRDA:765,83,1,3
BRDA:781,84,0,0
BRDA:781,84,1,5
BRDA:781,85,0,5
BRDA:781,85,1,5
BRDA:786,86,0,5
BRDA:786,86,1,0
BRDA:788,87,0,5
BRDA:788,87,1,0
BRDA:789,88,0,5
BRDA:789,88,1,0
BRDA:793,89,0,0
BRDA:793,89,1,5
BRDA:805,90,0,3
BRDA:805,90,1,2
BRDA:808,91,0,2
BRDA:808,91,1,1
BRDA:827,92,0,0
BRDA:827,92,1,3
BRDA:827,93,0,3
BRDA:827,93,1,3
BRDA:845,94,0,3
BRDA:845,94,1,0
BRDA:863,95,0,0
BRDA:863,95,1,0
BRDA:864,96,0,0
BRDA:864,96,1,0
BRDA:865,97,0,0
BRDA:865,97,1,0
BRDA:870,98,0,0
BRDA:870,98,1,0
BRDA:870,99,0,0
BRDA:870,99,1,0
BRF:201
BRH:49
end_of_record
TN:
SF:routes\refunds.js
FN:7,(anonymous_0)
FN:70,(anonymous_1)
FN:84,(anonymous_2)
FNF:3
FNH:3
FNDA:5,(anonymous_0)
FNDA:9,(anonymous_1)
FNDA:5,(anonymous_2)
DA:1,4
DA:2,4
DA:4,4
DA:7,4
DA:8,5
DA:9,5
DA:10,5
DA:12,5
DA:13,5
DA:15,5
DA:16,0
DA:22,5
DA:31,5
DA:33,5
DA:34,5
DA:36,5
DA:37,1
DA:43,4
DA:53,4
DA:55,4
DA:61,0
DA:63,0
DA:70,4
DA:71,9
DA:72,7
DA:73,0
DA:74,0
DA:76,0
DA:77,0
DA:80,7
DA:84,4
DA:85,5
DA:86,5
DA:87,5
DA:89,5
DA:91,5
DA:92,0
DA:97,5
DA:106,5
DA:110,5
DA:112,5
DA:114,7
DA:115,7
DA:117,7
DA:120,7
DA:121,7
DA:122,2
DA:124,2
DA:128,2
DA:133,2
DA:134,2
DA:135,2
DA:137,0
DA:141,7
DA:143,7
DA:144,7
DA:146,7
DA:148,7
DA:150,4
DA:158,5
DA:165,0
DA:167,0
DA:174,4
LF:63
LH:52
BRDA:10,0,0,5
BRDA:10,0,1,0
BRDA:15,1,0,0
BRDA:15,1,1,5
BRDA:36,2,0,1
BRDA:36,2,1,4
BRDA:61,3,0,0
BRDA:61,3,1,0
BRDA:71,4,0,2
BRDA:71,4,1,7
BRDA:72,5,0,0
BRDA:72,5,1,7
BRDA:91,6,0,0
BRDA:91,6,1,5
BRDA:114,7,0,7
BRDA:114,7,1,0
BRDA:115,8,0,7
BRDA:115,8,1,0
BRDA:120,9,0,7
BRDA:120,9,1,5
BRDA:120,9,2,5
BRDA:121,10,0,2
BRDA:121,10,1,5
BRDA:121,11,0,7
BRDA:121,11,1,2
BRDA:121,11,2,0
BRDA:124,12,0,2
BRDA:124,12,1,0
BRDA:143,13,0,7
BRDA:143,13,1,0
BRDA:148,14,0,4
BRDA:148,14,1,3
BRDA:148,15,0,7
BRDA:148,15,1,5
BRDA:165,16,0,0
BRDA:165,16,1,0
BRF:36
BRH:23
end_of_record
TN:
SF:services\paystack.js
FN:65,(anonymous_0)
FN:134,(anonymous_1)
FN:195,(anonymous_2)
FN:237,(anonymous_3)
FN:255,(anonymous_4)
FN:286,(anonymous_5)
FN:316,(anonymous_6)
FN:341,(anonymous_7)
FN:359,(anonymous_8)
FN:376,(anonymous_9)
FN:401,(anonymous_10)
FN:435,(anonymous_11)
FN:449,(anonymous_12)
FN:467,(anonymous_13)
FN:478,(anonymous_14)
FN:499,(anonymous_15)
FN:515,(anonymous_16)
FN:532,(anonymous_17)
FNF:18
FNH:5
FNDA:2,(anonymous_0)
FNDA:2,(anonymous_1)
FNDA:0,(anonymous_2)
FNDA:1,(anonymous_3)
FNDA:0,(anonymous_4)
FNDA:2,(anonymous_5)
FNDA:0,(anonymous_6)
FNDA:0,(anonymous_7)
FNDA:0,(anonymous_8)
FNDA:0,(anonymous_9)
FNDA:0,(anonymous_10)
FNDA:0,(anonymous_11)
FNDA:0,(anonymous_12)
FNDA:0,(anonymous_13)
FNDA:0,(anonymous_14)
FNDA:303,(anonymous_15)
FNDA:0,(anonymous_16)
FNDA:0,(anonymous_17)
DA:12,5
DA:13,5
DA:14,5
DA:20,5
DA:21,5
DA:24,5
DA:25,0
DA:65,5
DA:71,2
DA:72,0
DA:76,2
DA:77,0
DA:81,2
DA:82,0
DA:86,2
DA:87,0
DA:95,2
DA:96,2
DA:99,2
DA:102,2
DA:106,2
DA:112,2
DA:134,5
DA:135,2
DA:136,2
DA:146,2
DA:147,1
DA:150,2
DA:151,2
DA:154,0
DA:156,0
DA:157,0
DA:159,0
DA:162,0
DA:195,5
DA:197,0
DA:198,0
DA:201,0
DA:202,0
DA:206,0
DA:215,0
DA:216,0
DA:219,0
DA:220,0
DA:224,0
DA:237,5
DA:238,1
DA:239,0
DA:242,1
DA:255,5
DA:256,0
DA:258,0
DA:259,0
DA:260,0
DA:261,0
DA:263,0
DA:264,0
DA:286,5
DA:287,2
DA:288,1
DA:291,1
DA:297,1
DA:298,1
DA:299,0
DA:301,1
DA:304,1
DA:316,5
DA:317,0
DA:319,0
DA:320,0
DA:321,0
DA:323,0
DA:324,0
DA:341,5
DA:342,0
DA:344,0
DA:345,0
DA:346,0
DA:350,0
DA:359,5
DA:360,0
DA:362,0
DA:363,0
DA:365,0
DA:366,0
DA:376,5
DA:377,0
DA:378,0
DA:381,0
DA:401,5
DA:402,0
DA:403,0
DA:406,0
DA:408,0
DA:414,0
DA:416,0
DA:417,0
DA:435,5
DA:436,0
DA:437,0
DA:440,0
DA:449,5
DA:450,0
DA:451,0
DA:454,0
DA:467,5
DA:468,0
DA:478,5
DA:479,0
DA:480,0
DA:483,0
DA:499,5
DA:500,303
DA:501,0
DA:503,303
DA:515,5
DA:516,0
DA:517,0
DA:519,0
DA:532,5
DA:533,0
DA:534,0
DA:541,5
LF:123
LH:52
BRDA:21,0,0,5
BRDA:21,0,1,0
BRDA:24,1,0,0
BRDA:24,1,1,5
BRDA:71,2,0,0
BRDA:71,2,1,2
BRDA:76,3,0,0
BRDA:76,3,1,2
BRDA:81,4,0,0
BRDA:81,4,1,2
BRDA:86,5,0,0
BRDA:86,5,1,2
BRDA:134,6,0,1
BRDA:146,7,0,1
BRDA:146,7,1,1
BRDA:146,8,0,2
BRDA:146,8,1,1
BRDA:146,8,2,0
BRDA:154,9,0,0
BRDA:154,9,1,0
BRDA:156,10,0,0
BRDA:156,10,1,0
BRDA:157,11,0,0
BRDA:157,11,1,0
BRDA:197,12,0,0
BRDA:197,12,1,0
BRDA:201,13,0,0
BRDA:201,13,1,0
BRDA:201,14,0,0
BRDA:201,14,1,0
BRDA:209,15,0,0
BRDA:209,15,1,0
BRDA:211,16,0,0
BRDA:211,16,1,0
BRDA:215,17,0,0
BRDA:215,17,1,0
BRDA:219,18,0,0
BRDA:219,18,1,0
BRDA:238,19,0,0
BRDA:238,19,1,1
BRDA:255,20,0,0
BRDA:258,21,0,0
BRDA:258,21,1,0
BRDA:259,22,0,0
BRDA:259,22,1,0
BRDA:260,23,0,0
BRDA:260,23,1,0
BRDA:261,24,0,0
BRDA:261,24,1,0
BRDA:263,25,0,0
BRDA:263,25,1,0
BRDA:286,26,0,0
BRDA:286,27,0,2
BRDA:287,28,0,1
BRDA:287,28,1,1
BRDA:297,29,0,1
BRDA:297,29,1,0
BRDA:298,30,0,0
BRDA:298,30,1,1
BRDA:316,31,0,0
BRDA:319,32,0,0
BRDA:319,32,1,0
BRDA:320,33,0,0
BRDA:320,33,1,0
BRDA:321,34,0,0
BRDA:321,34,1,0
BRDA:323,35,0,0
BRDA:323,35,1,0
BRDA:345,36,0,0
BRDA:345,36,1,0
BRDA:359,37,0,0
BRDA:362,38,0,0
BRDA:362,38,1,0
BRDA:363,39,0,0
BRDA:363,39,1,0
BRDA:365,40,0,0
BRDA:365,40,1,0
BRDA:377,41,0,0
BRDA:377,41,1,0
BRDA:402,42,0,0
BRDA:402,42,1,0
BRDA:402,43,0,0
BRDA:402,43,1,0
BRDA:436,44,0,0
BRDA:436,44,1,0
BRDA:450,45,0,0
BRDA:450,45,1,0
BRDA:467,46,0,0
BRDA:479,47,0,0
BRDA:479,47,1,0
BRDA:479,48,0,0
BRDA:479,48,1,0
BRDA:500,49,0,0
BRDA:500,49,1,303
BRDA:500,50,0,303
BRDA:500,50,1,303
BRDA:516,51,0,0
BRDA:516,51,1,0
BRDA:516,52,0,0
BRDA:516,52,1,0
BRDA:532,53,0,0
BRF:101
BRH:20
end_of_record
